2025-10-26 05:51:11.840 +01:00 [INF] Starting BuildOne Asset Management System
2025-10-26 05:51:13.168 +01:00 [WRN] No store type was specified for the decimal property 'LaborHours' on entity type 'MaintenanceHistory'. This will cause values to be silently truncated if they do not fit in the default precision and scale. Explicitly specify the SQL server column type that can accommodate all the values in 'OnModelCreating' using 'HasColumnType', specify precision and scale using 'HasPrecision', or configure a value converter using 'HasConversion'.
2025-10-26 05:51:13.174 +01:00 [WRN] No store type was specified for the decimal property 'PartsCost' on entity type 'MaintenanceHistory'. This will cause values to be silently truncated if they do not fit in the default precision and scale. Explicitly specify the SQL server column type that can accommodate all the values in 'OnModelCreating' using 'HasColumnType', specify precision and scale using 'HasPrecision', or configure a value converter using 'HasConversion'.
2025-10-26 05:51:14.253 +01:00 [INF] Database initialized successfully
2025-10-26 05:51:14.258 +01:00 [INF] BuildOne started successfully
2025-10-26 05:54:03.406 +01:00 [WRN] Failed to determine the https port for redirect.
2025-10-26 05:54:03.509 +01:00 [INF] HTTP GET / responded 302 in 99.2075 ms
2025-10-26 05:54:04.037 +01:00 [INF] HTTP GET /Account/Login responded 200 in 465.4368 ms
2025-10-26 05:54:04.166 +01:00 [INF] HTTP GET /js/site.js responded 304 in 10.6382 ms
2025-10-26 05:54:04.166 +01:00 [INF] HTTP GET /css/site.css responded 304 in 11.7324 ms
2025-10-26 05:54:04.418 +01:00 [INF] HTTP GET /api/notifications responded 302 in 8.4123 ms
2025-10-26 05:54:04.494 +01:00 [INF] HTTP GET /Account/Login responded 200 in 22.5276 ms
2025-10-26 05:54:22.298 +01:00 [INF] HTTP POST /Account/Login responded 302 in 843.4265 ms
2025-10-26 05:54:22.350 +01:00 [INF] Asset Management Dashboard accessed
2025-10-26 05:54:23.387 +01:00 [INF] HTTP GET / responded 200 in 1068.4638 ms
2025-10-26 05:54:23.450 +01:00 [INF] HTTP GET /css/brand.css responded 304 in 0.7362 ms
2025-10-26 05:54:24.169 +01:00 [INF] HTTP GET /api/notifications responded 200 in 566.1779 ms
2025-10-26 05:54:51.646 +01:00 [INF] HTTP GET /Imaging responded 200 in 303.2574 ms
2025-10-26 05:54:51.893 +01:00 [INF] HTTP GET /api/notifications responded 200 in 33.8067 ms
2025-10-26 05:55:05.939 +01:00 [INF] HTTP GET /Imaging/Details/1149 responded 200 in 160.2299 ms
2025-10-26 05:55:06.122 +01:00 [INF] HTTP GET /api/notifications responded 200 in 12.3348 ms
2025-10-26 05:55:06.195 +01:00 [INF] HTTP GET /api/attachments/job/1149 responded 200 in 86.0027 ms
2025-10-26 05:55:41.355 +01:00 [INF] File saved: uploads/jobs/1149/12b41717-cc41-4e46-9ded-6ee7e6c0a174_bmd_logo-real.png
2025-10-26 05:55:41.651 +01:00 [INF] File attached to job 1149: bmd_logo-real.png
2025-10-26 05:55:41.677 +01:00 [INF] HTTP POST /api/attachments/job/1149 responded 200 in 470.1927 ms
2025-10-26 05:55:41.720 +01:00 [INF] HTTP GET /api/attachments/job/1149 responded 200 in 25.2197 ms
2025-10-26 05:55:41.803 +01:00 [INF] HTTP GET /api/attachments/download/job/1 responded 200 in 61.0545 ms
2025-10-26 05:56:03.463 +01:00 [INF] File deleted: uploads/jobs/1149/12b41717-cc41-4e46-9ded-6ee7e6c0a174_bmd_logo-real.png
2025-10-26 05:56:03.509 +01:00 [INF] Deleted job attachment 1
2025-10-26 05:56:03.521 +01:00 [INF] HTTP DELETE /api/attachments/job/1 responded 200 in 96.8484 ms
2025-10-26 05:56:03.704 +01:00 [INF] HTTP GET /api/attachments/job/1149 responded 200 in 3.6391 ms
2025-10-26 05:56:11.178 +01:00 [INF] HTTP GET /Imaging responded 200 in 134.8216 ms
2025-10-26 05:56:14.304 +01:00 [INF] HTTP GET /Imaging/Create responded 200 in 267.4270 ms
2025-10-26 05:56:14.536 +01:00 [INF] HTTP GET /api/notifications responded 200 in 31.6035 ms
2025-10-26 05:57:05.761 +01:00 [INF] HTTP GET /Employees responded 200 in 108.9611 ms
2025-10-26 05:57:06.060 +01:00 [INF] HTTP GET /api/notifications responded 200 in 65.6501 ms
2025-10-26 05:59:57.268 +01:00 [INF] HTTP GET /Employees/Edit responded 200 in 189.9517 ms
2025-10-26 05:59:57.566 +01:00 [INF] HTTP GET /api/notifications responded 200 in 55.2600 ms
2025-10-26 06:00:38.776 +01:00 [INF] Employee updated with ID 1007
2025-10-26 06:00:38.787 +01:00 [INF] HTTP POST /Employees/Edit responded 302 in 370.3711 ms
2025-10-26 06:00:38.829 +01:00 [INF] Loading employee details for ID: 1007
2025-10-26 06:00:38.846 +01:00 [INF] Successfully loaded employee: Charles Nwosu (ID: 1007)
2025-10-26 06:00:38.898 +01:00 [INF] HTTP GET /Employees/Details/1007 responded 200 in 90.7899 ms
2025-10-26 06:00:39.276 +01:00 [INF] HTTP GET /api/notifications responded 200 in 45.9049 ms
2025-10-26 06:00:46.112 +01:00 [INF] HTTP GET /Employees responded 200 in 43.8364 ms
2025-10-26 06:00:46.280 +01:00 [INF] HTTP GET /api/notifications responded 200 in 6.1492 ms
2025-10-26 06:00:57.425 +01:00 [INF] HTTP POST /Employees responded 302 in 24.7454 ms
2025-10-26 06:00:57.466 +01:00 [INF] HTTP GET /Employees responded 200 in 20.9310 ms
2025-10-26 06:00:57.760 +01:00 [INF] HTTP GET /api/notifications responded 200 in 8.5218 ms
2025-10-26 06:01:10.279 +01:00 [INF] HTTP POST /Employees responded 302 in 42.8059 ms
2025-10-26 06:01:10.323 +01:00 [INF] HTTP GET /Employees responded 200 in 27.2753 ms
2025-10-26 06:01:10.550 +01:00 [INF] HTTP GET /api/notifications responded 200 in 35.5216 ms
2025-10-26 06:01:54.349 +01:00 [INF] HTTP GET /Inventory responded 200 in 343.8065 ms
2025-10-26 06:01:54.571 +01:00 [INF] HTTP GET /api/notifications responded 200 in 7.6807 ms
2025-10-26 06:06:54.744 +01:00 [INF] HTTP GET /api/notifications responded 200 in 169.3605 ms
2025-10-26 06:07:07.092 +01:00 [INF] HTTP GET /Inventory/Edit responded 200 in 405.3488 ms
2025-10-26 06:07:07.529 +01:00 [INF] HTTP GET /api/notifications responded 200 in 11.3379 ms
2025-10-26 06:08:05.977 +01:00 [INF] HTTP POST /Inventory/Edit responded 302 in 130.3335 ms
2025-10-26 06:08:06.143 +01:00 [INF] HTTP GET /Inventory/Details responded 200 in 145.6146 ms
2025-10-26 06:08:06.576 +01:00 [INF] HTTP GET /api/notifications responded 200 in 72.5425 ms
2025-10-26 06:08:28.351 +01:00 [INF] HTTP GET /Inventory/Edit responded 200 in 25.5365 ms
2025-10-26 06:08:30.012 +01:00 [INF] HTTP GET /Inventory responded 200 in 61.8611 ms
2025-10-26 15:12:09.313 +01:00 [INF] Starting BuildOne Asset Management System
2025-10-26 15:12:10.276 +01:00 [WRN] No store type was specified for the decimal property 'LaborHours' on entity type 'MaintenanceHistory'. This will cause values to be silently truncated if they do not fit in the default precision and scale. Explicitly specify the SQL server column type that can accommodate all the values in 'OnModelCreating' using 'HasColumnType', specify precision and scale using 'HasPrecision', or configure a value converter using 'HasConversion'.
2025-10-26 15:12:10.279 +01:00 [WRN] No store type was specified for the decimal property 'PartsCost' on entity type 'MaintenanceHistory'. This will cause values to be silently truncated if they do not fit in the default precision and scale. Explicitly specify the SQL server column type that can accommodate all the values in 'OnModelCreating' using 'HasColumnType', specify precision and scale using 'HasPrecision', or configure a value converter using 'HasConversion'.
2025-10-26 15:12:11.123 +01:00 [INF] Database initialized successfully
2025-10-26 15:12:11.127 +01:00 [INF] BuildOne started successfully
2025-10-26 15:12:34.719 +01:00 [WRN] Failed to determine the https port for redirect.
2025-10-26 15:12:35.166 +01:00 [INF] HTTP GET /Account/Login responded 200 in 446.0785 ms
2025-10-26 15:12:35.360 +01:00 [INF] HTTP GET /css/site.css responded 200 in 74.4854 ms
2025-10-26 15:12:35.670 +01:00 [INF] HTTP GET /api/notifications responded 302 in 31.8988 ms
2025-10-26 15:12:35.763 +01:00 [INF] HTTP GET /Account/Login responded 200 in 47.7507 ms
2025-10-26 15:12:40.918 +01:00 [INF] HTTP POST /Account/Login responded 302 in 893.1961 ms
2025-10-26 15:12:40.971 +01:00 [INF] Asset Management Dashboard accessed
2025-10-26 15:12:42.531 +01:00 [INF] HTTP GET / responded 200 in 1598.0230 ms
2025-10-26 15:12:42.596 +01:00 [INF] HTTP GET /css/site.css responded 304 in 2.5542 ms
2025-10-26 15:12:42.617 +01:00 [INF] HTTP GET /css/brand.css responded 304 in 0.8536 ms
2025-10-26 15:12:43.721 +01:00 [INF] HTTP GET /api/notifications responded 200 in 903.7165 ms
2025-10-26 15:12:49.173 +01:00 [INF] HTTP GET /Imaging responded 200 in 275.0926 ms
2025-10-26 15:12:49.229 +01:00 [INF] HTTP GET /css/site.css responded 304 in 0.5333 ms
2025-10-26 15:12:49.445 +01:00 [INF] HTTP GET /api/notifications responded 200 in 18.5918 ms
2025-10-26 15:14:31.168 +01:00 [INF] HTTP GET /api/notifications responded 200 in 55.9463 ms
2025-10-26 15:14:56.045 +01:00 [INF] Starting BuildOne Asset Management System
2025-10-26 15:14:56.954 +01:00 [WRN] No store type was specified for the decimal property 'LaborHours' on entity type 'MaintenanceHistory'. This will cause values to be silently truncated if they do not fit in the default precision and scale. Explicitly specify the SQL server column type that can accommodate all the values in 'OnModelCreating' using 'HasColumnType', specify precision and scale using 'HasPrecision', or configure a value converter using 'HasConversion'.
2025-10-26 15:14:56.957 +01:00 [WRN] No store type was specified for the decimal property 'PartsCost' on entity type 'MaintenanceHistory'. This will cause values to be silently truncated if they do not fit in the default precision and scale. Explicitly specify the SQL server column type that can accommodate all the values in 'OnModelCreating' using 'HasColumnType', specify precision and scale using 'HasPrecision', or configure a value converter using 'HasConversion'.
2025-10-26 15:14:57.797 +01:00 [INF] Database initialized successfully
2025-10-26 15:14:57.801 +01:00 [INF] BuildOne started successfully
2025-10-26 15:14:58.591 +01:00 [WRN] Failed to determine the https port for redirect.
2025-10-26 15:15:00.101 +01:00 [INF] HTTP GET /api/notifications responded 200 in 1511.3261 ms
2025-10-26 15:15:05.598 +01:00 [INF] HTTP GET /Imaging responded 200 in 1126.2906 ms
2025-10-26 15:15:05.701 +01:00 [INF] HTTP GET /css/site.css responded 200 in 16.5271 ms
2025-10-26 15:15:05.855 +01:00 [INF] HTTP GET /api/notifications responded 200 in 52.3346 ms
2025-10-26 15:15:12.209 +01:00 [INF] Asset Management Dashboard accessed
2025-10-26 15:15:12.415 +01:00 [INF] HTTP GET / responded 200 in 231.5826 ms
2025-10-26 15:15:12.461 +01:00 [INF] HTTP GET /css/site.css responded 304 in 2.3535 ms
2025-10-26 15:15:12.605 +01:00 [INF] HTTP GET /api/notifications responded 200 in 9.9570 ms
2025-10-26 15:15:15.572 +01:00 [INF] HTTP GET /Departments responded 200 in 152.3000 ms
2025-10-26 15:15:15.653 +01:00 [INF] HTTP GET /css/site.css responded 304 in 0.4407 ms
2025-10-26 15:15:15.804 +01:00 [INF] HTTP GET /api/notifications responded 200 in 26.1971 ms
2025-10-26 15:15:21.481 +01:00 [INF] HTTP GET /Employees responded 200 in 128.8293 ms
2025-10-26 15:15:21.561 +01:00 [INF] HTTP GET /css/site.css responded 304 in 0.3196 ms
2025-10-26 15:15:21.977 +01:00 [INF] HTTP GET /api/notifications responded 200 in 12.1642 ms
2025-10-26 15:15:53.062 +01:00 [INF] HTTP GET /api/notifications responded 200 in 42.7250 ms
2025-10-26 15:16:07.500 +01:00 [INF] Starting BuildOne Asset Management System
2025-10-26 15:16:09.117 +01:00 [WRN] No store type was specified for the decimal property 'LaborHours' on entity type 'MaintenanceHistory'. This will cause values to be silently truncated if they do not fit in the default precision and scale. Explicitly specify the SQL server column type that can accommodate all the values in 'OnModelCreating' using 'HasColumnType', specify precision and scale using 'HasPrecision', or configure a value converter using 'HasConversion'.
2025-10-26 15:16:09.123 +01:00 [WRN] No store type was specified for the decimal property 'PartsCost' on entity type 'MaintenanceHistory'. This will cause values to be silently truncated if they do not fit in the default precision and scale. Explicitly specify the SQL server column type that can accommodate all the values in 'OnModelCreating' using 'HasColumnType', specify precision and scale using 'HasPrecision', or configure a value converter using 'HasConversion'.
2025-10-26 15:16:10.795 +01:00 [INF] Database initialized successfully
2025-10-26 15:16:10.806 +01:00 [INF] BuildOne started successfully
2025-10-26 15:16:11.071 +01:00 [WRN] Failed to determine the https port for redirect.
2025-10-26 15:16:11.194 +01:00 [INF] Asset Management Dashboard accessed
2025-10-26 15:16:11.892 +01:00 [INF] HTTP GET / responded 200 in 820.9922 ms
2025-10-26 15:16:11.970 +01:00 [INF] HTTP GET /css/site.css responded 200 in 16.3603 ms
2025-10-26 15:16:12.740 +01:00 [INF] HTTP GET /api/notifications responded 200 in 545.3130 ms
2025-10-26 15:16:16.273 +01:00 [INF] HTTP GET /Employees responded 200 in 303.1794 ms
2025-10-26 15:16:16.335 +01:00 [INF] HTTP GET /css/site.css responded 304 in 2.3233 ms
2025-10-26 15:16:16.512 +01:00 [INF] HTTP GET /api/notifications responded 200 in 18.5569 ms
2025-10-26 15:16:39.269 +01:00 [INF] Asset Management Dashboard accessed
2025-10-26 15:16:39.471 +01:00 [INF] HTTP GET / responded 200 in 204.1176 ms
2025-10-26 15:16:39.666 +01:00 [INF] HTTP GET /css/site.css responded 304 in 0.5727 ms
2025-10-26 15:16:39.787 +01:00 [INF] HTTP GET /api/notifications responded 200 in 16.6784 ms
2025-10-26 15:37:19.780 +01:00 [INF] Starting BuildOne Asset Management System
2025-10-26 15:37:19.937 +01:00 [FTL] Application failed to start
Microsoft.Extensions.Hosting.HostAbortedException: The host was aborted.
   at Microsoft.Extensions.Hosting.HostFactoryResolver.HostingListener.ThrowHostAborted()
   at Microsoft.Extensions.Hosting.HostFactoryResolver.HostingListener.OnNext(KeyValuePair`2 value)
   at System.Diagnostics.DiagnosticListener.Write(String name, Object value)
   at Microsoft.Extensions.Hosting.HostBuilder.ResolveHost(IServiceProvider serviceProvider, DiagnosticListener diagnosticListener)
   at Microsoft.Extensions.Hosting.HostApplicationBuilder.Build()
   at Microsoft.AspNetCore.Builder.WebApplicationBuilder.Build()
   at Program.<Main>$(String[] args) in C:\Users\victo\Desktop\buildone\Program.cs:line 210
2025-10-26 15:37:34.094 +01:00 [INF] Starting BuildOne Asset Management System
2025-10-26 15:37:34.254 +01:00 [FTL] Application failed to start
Microsoft.Extensions.Hosting.HostAbortedException: The host was aborted.
   at Microsoft.Extensions.Hosting.HostFactoryResolver.HostingListener.ThrowHostAborted()
   at Microsoft.Extensions.Hosting.HostFactoryResolver.HostingListener.OnNext(KeyValuePair`2 value)
   at System.Diagnostics.DiagnosticListener.Write(String name, Object value)
   at Microsoft.Extensions.Hosting.HostBuilder.ResolveHost(IServiceProvider serviceProvider, DiagnosticListener diagnosticListener)
   at Microsoft.Extensions.Hosting.HostApplicationBuilder.Build()
   at Microsoft.AspNetCore.Builder.WebApplicationBuilder.Build()
   at Program.<Main>$(String[] args) in C:\Users\victo\Desktop\buildone\Program.cs:line 210
2025-10-26 15:51:37.479 +01:00 [INF] Starting BuildOne Asset Management System
2025-10-26 15:51:37.619 +01:00 [FTL] Application failed to start
Microsoft.Extensions.Hosting.HostAbortedException: The host was aborted.
   at Microsoft.Extensions.Hosting.HostFactoryResolver.HostingListener.ThrowHostAborted()
   at Microsoft.Extensions.Hosting.HostFactoryResolver.HostingListener.OnNext(KeyValuePair`2 value)
   at System.Diagnostics.DiagnosticListener.Write(String name, Object value)
   at Microsoft.Extensions.Hosting.HostBuilder.ResolveHost(IServiceProvider serviceProvider, DiagnosticListener diagnosticListener)
   at Microsoft.Extensions.Hosting.HostApplicationBuilder.Build()
   at Microsoft.AspNetCore.Builder.WebApplicationBuilder.Build()
   at Program.<Main>$(String[] args) in C:\Users\victo\Desktop\buildone\Program.cs:line 210
2025-10-26 15:51:55.693 +01:00 [INF] Starting BuildOne Asset Management System
2025-10-26 15:51:55.839 +01:00 [FTL] Application failed to start
Microsoft.Extensions.Hosting.HostAbortedException: The host was aborted.
   at Microsoft.Extensions.Hosting.HostFactoryResolver.HostingListener.ThrowHostAborted()
   at Microsoft.Extensions.Hosting.HostFactoryResolver.HostingListener.OnNext(KeyValuePair`2 value)
   at System.Diagnostics.DiagnosticListener.Write(String name, Object value)
   at Microsoft.Extensions.Hosting.HostBuilder.ResolveHost(IServiceProvider serviceProvider, DiagnosticListener diagnosticListener)
   at Microsoft.Extensions.Hosting.HostApplicationBuilder.Build()
   at Microsoft.AspNetCore.Builder.WebApplicationBuilder.Build()
   at Program.<Main>$(String[] args) in C:\Users\victo\Desktop\buildone\Program.cs:line 210
2025-10-26 15:52:53.203 +01:00 [INF] Starting BuildOne Asset Management System
2025-10-26 15:52:53.991 +01:00 [WRN] No store type was specified for the decimal property 'LaborHours' on entity type 'MaintenanceHistory'. This will cause values to be silently truncated if they do not fit in the default precision and scale. Explicitly specify the SQL server column type that can accommodate all the values in 'OnModelCreating' using 'HasColumnType', specify precision and scale using 'HasPrecision', or configure a value converter using 'HasConversion'.
2025-10-26 15:52:53.994 +01:00 [WRN] No store type was specified for the decimal property 'PartsCost' on entity type 'MaintenanceHistory'. This will cause values to be silently truncated if they do not fit in the default precision and scale. Explicitly specify the SQL server column type that can accommodate all the values in 'OnModelCreating' using 'HasColumnType', specify precision and scale using 'HasPrecision', or configure a value converter using 'HasConversion'.
2025-10-26 15:52:54.721 +01:00 [INF] Database initialized successfully
2025-10-26 15:52:54.725 +01:00 [INF] BuildOne started successfully
2025-10-26 15:52:56.938 +01:00 [WRN] Failed to determine the https port for redirect.
2025-10-26 15:52:58.221 +01:00 [INF] HTTP GET /api/notifications responded 200 in 1307.4286 ms
2025-10-26 15:53:01.168 +01:00 [INF] Asset Management Dashboard accessed
2025-10-26 15:53:02.208 +01:00 [INF] HTTP GET / responded 200 in 1096.4496 ms
2025-10-26 15:53:02.309 +01:00 [INF] HTTP GET /css/site.css responded 304 in 6.6583 ms
2025-10-26 15:53:02.629 +01:00 [INF] HTTP GET /api/notifications responded 200 in 51.9646 ms
2025-10-26 15:53:05.699 +01:00 [INF] HTTP GET /Assets responded 200 in 389.5947 ms
2025-10-26 15:53:06.091 +01:00 [INF] HTTP GET /api/notifications responded 200 in 34.5747 ms
2025-10-26 15:53:16.564 +01:00 [INF] Asset Management Dashboard accessed
2025-10-26 15:53:16.742 +01:00 [INF] HTTP GET / responded 200 in 185.0572 ms
2025-10-26 15:53:16.949 +01:00 [INF] HTTP GET /api/notifications responded 200 in 25.6752 ms
2025-10-26 15:53:37.452 +01:00 [INF] HTTP GET /Assets responded 200 in 66.5737 ms
2025-10-26 15:53:37.818 +01:00 [INF] HTTP GET /api/notifications responded 200 in 9.7569 ms
2025-10-26 15:53:39.893 +01:00 [INF] HTTP GET /Assets/Scan responded 200 in 29.5521 ms
2025-10-26 15:53:40.128 +01:00 [INF] HTTP GET /api/notifications responded 200 in 23.8466 ms
2025-10-26 15:53:45.946 +01:00 [INF] HTTP GET /Assets responded 200 in 53.1856 ms
2025-10-26 15:53:46.151 +01:00 [INF] HTTP GET /api/notifications responded 200 in 11.1064 ms
2025-10-26 15:56:12.671 +01:00 [INF] Starting BuildOne Asset Management System
2025-10-26 15:56:13.509 +01:00 [WRN] No store type was specified for the decimal property 'LaborHours' on entity type 'MaintenanceHistory'. This will cause values to be silently truncated if they do not fit in the default precision and scale. Explicitly specify the SQL server column type that can accommodate all the values in 'OnModelCreating' using 'HasColumnType', specify precision and scale using 'HasPrecision', or configure a value converter using 'HasConversion'.
2025-10-26 15:56:13.513 +01:00 [WRN] No store type was specified for the decimal property 'PartsCost' on entity type 'MaintenanceHistory'. This will cause values to be silently truncated if they do not fit in the default precision and scale. Explicitly specify the SQL server column type that can accommodate all the values in 'OnModelCreating' using 'HasColumnType', specify precision and scale using 'HasPrecision', or configure a value converter using 'HasConversion'.
2025-10-26 15:56:14.587 +01:00 [INF] Database initialized successfully
2025-10-26 15:56:14.601 +01:00 [INF] BuildOne started successfully
2025-10-26 15:56:14.981 +01:00 [WRN] Failed to determine the https port for redirect.
2025-10-26 15:56:15.881 +01:00 [INF] HTTP GET /Inventory responded 200 in 894.5501 ms
2025-10-26 15:56:16.633 +01:00 [INF] HTTP GET /api/notifications responded 200 in 502.0385 ms
2025-10-26 15:56:27.584 +01:00 [INF] HTTP GET /SystemSettings responded 200 in 312.1922 ms
2025-10-26 15:56:27.878 +01:00 [INF] HTTP GET /api/notifications responded 200 in 85.3381 ms
2025-10-26 15:57:12.868 +01:00 [INF] HTTP GET /Audit responded 200 in 127.5445 ms
2025-10-26 15:57:12.936 +01:00 [INF] HTTP GET /css/site.css responded 304 in 9.4422 ms
2025-10-26 15:57:13.146 +01:00 [INF] HTTP GET /api/notifications responded 200 in 62.4117 ms
2025-10-26 15:57:32.261 +01:00 [INF] HTTP GET /Audit/Create responded 200 in 75.9170 ms
2025-10-26 15:57:32.514 +01:00 [INF] HTTP GET /api/notifications responded 200 in 74.7305 ms
2025-10-26 15:57:57.407 +01:00 [INF] HTTP POST /Audit/Create responded 302 in 48.6794 ms
2025-10-26 15:57:57.496 +01:00 [INF] HTTP GET /Audit/Scan responded 200 in 69.0680 ms
2025-10-26 15:57:57.723 +01:00 [INF] HTTP GET /api/notifications responded 200 in 63.1026 ms
2025-10-26 15:57:57.940 +01:00 [INF] HTTP GET /api/assetaudit/assets responded 200 in 276.2088 ms
2025-10-26 15:58:45.175 +01:00 [INF] Asset audit created: AST-DES-00205 by admin@buildone.com
2025-10-26 15:58:45.256 +01:00 [INF] Asset audited: AST-DES-00205, Location Changed: false
2025-10-26 15:58:45.361 +01:00 [INF] HTTP POST /api/assetaudit/process-scan responded 200 in 1288.2380 ms
2025-10-26 15:59:10.191 +01:00 [INF] HTTP POST /api/assetaudit responded 405 in 1.6955 ms
2025-10-26 15:59:12.030 +01:00 [INF] HTTP POST /api/assetaudit responded 405 in 1.4463 ms
2025-10-26 15:59:20.490 +01:00 [INF] HTTP GET /Audit responded 200 in 18.7043 ms
2025-10-26 15:59:20.852 +01:00 [INF] HTTP GET /api/notifications responded 200 in 48.4510 ms
2025-10-26 15:59:47.006 +01:00 [INF] HTTP GET /Audit/Scan responded 200 in 5.3692 ms
2025-10-26 15:59:47.529 +01:00 [INF] HTTP GET /api/notifications responded 200 in 181.2975 ms
2025-10-26 15:59:47.687 +01:00 [INF] HTTP GET /api/assetaudit/assets responded 200 in 328.4447 ms
2025-10-26 15:59:52.724 +01:00 [INF] HTTP GET /Audit/Create responded 200 in 10.2466 ms
2025-10-26 15:59:53.083 +01:00 [INF] HTTP GET /api/notifications responded 200 in 134.6417 ms
2025-10-26 16:00:05.255 +01:00 [INF] HTTP GET /Audit responded 200 in 30.5872 ms
2025-10-26 16:00:05.488 +01:00 [INF] HTTP GET /api/notifications responded 200 in 13.3214 ms
2025-10-26 16:13:47.896 +01:00 [INF] Starting BuildOne Asset Management System
2025-10-26 16:13:48.754 +01:00 [WRN] No store type was specified for the decimal property 'LaborHours' on entity type 'MaintenanceHistory'. This will cause values to be silently truncated if they do not fit in the default precision and scale. Explicitly specify the SQL server column type that can accommodate all the values in 'OnModelCreating' using 'HasColumnType', specify precision and scale using 'HasPrecision', or configure a value converter using 'HasConversion'.
2025-10-26 16:13:48.758 +01:00 [WRN] No store type was specified for the decimal property 'PartsCost' on entity type 'MaintenanceHistory'. This will cause values to be silently truncated if they do not fit in the default precision and scale. Explicitly specify the SQL server column type that can accommodate all the values in 'OnModelCreating' using 'HasColumnType', specify precision and scale using 'HasPrecision', or configure a value converter using 'HasConversion'.
2025-10-26 16:13:50.111 +01:00 [INF] Database initialized successfully
2025-10-26 16:13:50.126 +01:00 [INF] BuildOne started successfully
2025-10-26 16:13:50.673 +01:00 [WRN] Failed to determine the https port for redirect.
2025-10-26 16:13:51.959 +01:00 [INF] HTTP GET /api/notifications responded 200 in 1287.2229 ms
2025-10-26 16:13:57.931 +01:00 [INF] Asset Management Dashboard accessed
2025-10-26 16:14:09.499 +01:00 [INF] HTTP GET / responded 200 in 11652.0035 ms
2025-10-26 16:14:09.570 +01:00 [INF] HTTP GET /css/site.css responded 304 in 5.6023 ms
2025-10-26 16:14:09.961 +01:00 [INF] HTTP GET /api/notifications responded 200 in 83.1748 ms
2025-10-26 16:14:16.343 +01:00 [INF] HTTP GET /SystemSettings responded 200 in 212.8431 ms
2025-10-26 16:14:16.580 +01:00 [INF] HTTP GET /api/notifications responded 200 in 19.1424 ms
2025-10-26 16:14:56.501 +01:00 [INF] HTTP GET /SystemSettings/Security responded 200 in 79.8833 ms
2025-10-26 16:14:56.739 +01:00 [INF] HTTP GET /api/notifications responded 200 in 10.7640 ms
2025-10-26 16:15:07.832 +01:00 [INF] HTTP GET /SystemSettings responded 200 in 15.4362 ms
2025-10-26 16:15:08.115 +01:00 [INF] HTTP GET /api/notifications responded 200 in 104.5381 ms
2025-10-26 16:15:09.232 +01:00 [INF] HTTP GET /SystemSettings/Security responded 200 in 6.7747 ms
2025-10-26 16:15:09.397 +01:00 [INF] HTTP GET /api/notifications responded 200 in 9.4457 ms
2025-10-26 16:15:17.586 +01:00 [INF] HTTP GET /SystemSettings/Database responded 200 in 38.4021 ms
2025-10-26 16:15:17.771 +01:00 [INF] HTTP GET /api/notifications responded 200 in 5.3650 ms
2025-10-26 16:16:17.763 +01:00 [INF] HTTP GET /Admin/SeedData responded 200 in 123.2306 ms
2025-10-26 16:16:32.076 +01:00 [INF] HTTP GET /api/notifications responded 200 in 44.9408 ms
2025-10-26 16:16:54.285 +01:00 [INF] HTTP GET /Audit responded 200 in 165.4676 ms
2025-10-26 16:16:54.512 +01:00 [INF] HTTP GET /api/notifications responded 200 in 5.4996 ms
2025-10-26 16:17:03.643 +01:00 [INF] HTTP GET /api/notifications responded 200 in 15.6896 ms
2025-10-26 16:17:03.900 +01:00 [INF] HTTP GET /.well-known/appspecific/com.chrome.devtools.json responded 404 in 2.0023 ms
2025-10-26 16:17:05.240 +01:00 [INF] HTTP GET /lib/bootstrap/dist/js/bootstrap.bundle.min.js.map responded 200 in 59.3449 ms
2025-10-26 16:17:05.558 +01:00 [INF] HTTP GET /lib/bootstrap/dist/css/bootstrap.min.css.map responded 200 in 73.8692 ms
2025-10-26 16:19:53.934 +01:00 [INF] Starting BuildOne Asset Management System
2025-10-26 16:19:56.849 +01:00 [WRN] No store type was specified for the decimal property 'LaborHours' on entity type 'MaintenanceHistory'. This will cause values to be silently truncated if they do not fit in the default precision and scale. Explicitly specify the SQL server column type that can accommodate all the values in 'OnModelCreating' using 'HasColumnType', specify precision and scale using 'HasPrecision', or configure a value converter using 'HasConversion'.
2025-10-26 16:19:56.855 +01:00 [WRN] No store type was specified for the decimal property 'PartsCost' on entity type 'MaintenanceHistory'. This will cause values to be silently truncated if they do not fit in the default precision and scale. Explicitly specify the SQL server column type that can accommodate all the values in 'OnModelCreating' using 'HasColumnType', specify precision and scale using 'HasPrecision', or configure a value converter using 'HasConversion'.
2025-10-26 16:19:58.920 +01:00 [INF] Database initialized successfully
2025-10-26 16:19:58.937 +01:00 [INF] BuildOne started successfully
2025-10-26 16:20:00.527 +01:00 [WRN] Failed to determine the https port for redirect.
2025-10-26 16:20:00.661 +01:00 [INF] Asset Management Dashboard accessed
2025-10-26 16:20:01.706 +01:00 [INF] HTTP GET / responded 200 in 1175.4025 ms
2025-10-26 16:20:01.832 +01:00 [INF] HTTP GET /css/site.css responded 304 in 6.4402 ms
2025-10-26 16:20:01.838 +01:00 [INF] HTTP GET /css/brand.css responded 200 in 14.2117 ms
2025-10-26 16:20:01.868 +01:00 [INF] HTTP GET /.well-known/appspecific/com.chrome.devtools.json responded 404 in 11.9404 ms
2025-10-26 16:20:02.767 +01:00 [INF] HTTP GET /api/notifications responded 200 in 560.7093 ms
2025-10-26 16:20:08.069 +01:00 [INF] HTTP GET /Employees responded 200 in 405.4276 ms
2025-10-26 16:20:08.642 +01:00 [INF] HTTP GET /css/brand.css responded 304 in 0.9925 ms
2025-10-26 16:20:09.099 +01:00 [INF] HTTP GET /.well-known/appspecific/com.chrome.devtools.json responded 404 in 1.1084 ms
2025-10-26 16:20:09.165 +01:00 [INF] HTTP GET /api/notifications responded 200 in 18.8358 ms
2025-10-26 16:20:14.840 +01:00 [INF] HTTP GET /Assets responded 200 in 214.2245 ms
2025-10-26 16:20:15.391 +01:00 [INF] HTTP GET /css/brand.css responded 304 in 0.4534 ms
2025-10-26 16:20:15.526 +01:00 [INF] HTTP GET /.well-known/appspecific/com.chrome.devtools.json responded 404 in 0.9771 ms
2025-10-26 16:20:16.084 +01:00 [INF] HTTP GET /api/notifications responded 200 in 31.4905 ms
2025-10-26 16:20:19.256 +01:00 [INF] Asset Management Dashboard accessed
2025-10-26 16:20:19.339 +01:00 [INF] HTTP GET / responded 200 in 87.3855 ms
2025-10-26 16:20:19.992 +01:00 [INF] HTTP GET /css/brand.css responded 304 in 1.4415 ms
2025-10-26 16:20:20.649 +01:00 [INF] HTTP GET /.well-known/appspecific/com.chrome.devtools.json responded 404 in 4.9958 ms
2025-10-26 16:20:20.759 +01:00 [INF] HTTP GET /api/notifications responded 200 in 59.8732 ms
2025-10-26 16:20:24.749 +01:00 [INF] Asset Management Dashboard accessed
2025-10-26 16:20:24.821 +01:00 [INF] HTTP GET / responded 200 in 72.7689 ms
2025-10-26 16:20:25.102 +01:00 [INF] HTTP GET /css/brand.css responded 304 in 0.5532 ms
2025-10-26 16:20:25.196 +01:00 [INF] HTTP GET /.well-known/appspecific/com.chrome.devtools.json responded 404 in 41.1470 ms
2025-10-26 16:20:26.130 +01:00 [INF] HTTP GET /api/notifications responded 200 in 148.0713 ms
2025-10-26 16:20:28.117 +01:00 [INF] HTTP GET /Assets responded 200 in 37.4094 ms
2025-10-26 16:20:28.846 +01:00 [INF] HTTP GET /css/brand.css responded 304 in 0.3253 ms
2025-10-26 16:20:29.028 +01:00 [INF] HTTP GET /.well-known/appspecific/com.chrome.devtools.json responded 404 in 0.7276 ms
2025-10-26 16:20:30.192 +01:00 [INF] HTTP GET /api/notifications responded 200 in 148.2527 ms
2025-10-26 16:20:34.075 +01:00 [INF] HTTP GET /Employees responded 200 in 16.5669 ms
2025-10-26 16:20:34.906 +01:00 [INF] HTTP GET /css/brand.css responded 304 in 0.3783 ms
2025-10-26 16:20:35.847 +01:00 [INF] HTTP GET /api/notifications responded 200 in 207.2275 ms
2025-10-26 16:20:36.124 +01:00 [INF] HTTP GET /.well-known/appspecific/com.chrome.devtools.json responded 404 in 0.9037 ms
2025-10-26 16:23:20.693 +01:00 [INF] Starting BuildOne Asset Management System
2025-10-26 16:23:21.631 +01:00 [WRN] No store type was specified for the decimal property 'LaborHours' on entity type 'MaintenanceHistory'. This will cause values to be silently truncated if they do not fit in the default precision and scale. Explicitly specify the SQL server column type that can accommodate all the values in 'OnModelCreating' using 'HasColumnType', specify precision and scale using 'HasPrecision', or configure a value converter using 'HasConversion'.
2025-10-26 16:23:21.637 +01:00 [WRN] No store type was specified for the decimal property 'PartsCost' on entity type 'MaintenanceHistory'. This will cause values to be silently truncated if they do not fit in the default precision and scale. Explicitly specify the SQL server column type that can accommodate all the values in 'OnModelCreating' using 'HasColumnType', specify precision and scale using 'HasPrecision', or configure a value converter using 'HasConversion'.
2025-10-26 16:23:22.850 +01:00 [INF] Database initialized successfully
2025-10-26 16:23:22.860 +01:00 [INF] BuildOne started successfully
2025-10-26 16:23:23.190 +01:00 [WRN] Failed to determine the https port for redirect.
2025-10-26 16:23:24.252 +01:00 [INF] HTTP GET /api/notifications responded 200 in 1059.9348 ms
2025-10-26 16:23:34.647 +01:00 [INF] Asset Management Dashboard accessed
2025-10-26 16:23:35.737 +01:00 [INF] HTTP GET / responded 200 in 1125.9516 ms
2025-10-26 16:23:35.865 +01:00 [INF] HTTP GET /css/brand.css responded 200 in 9.6289 ms
2025-10-26 16:23:35.907 +01:00 [INF] HTTP GET /.well-known/appspecific/com.chrome.devtools.json responded 404 in 34.7557 ms
2025-10-26 16:23:36.317 +01:00 [INF] HTTP GET /api/notifications responded 200 in 23.0941 ms
2025-10-26 16:23:42.802 +01:00 [INF] HTTP GET /Departments responded 200 in 198.7069 ms
2025-10-26 16:23:43.199 +01:00 [INF] HTTP GET /.well-known/appspecific/com.chrome.devtools.json responded 404 in 2.6292 ms
2025-10-26 16:23:43.203 +01:00 [INF] HTTP GET /css/brand.css responded 304 in 1.6851 ms
2025-10-26 16:23:43.622 +01:00 [INF] HTTP GET /api/notifications responded 200 in 41.4352 ms
2025-10-26 16:24:54.670 +01:00 [INF] Starting BuildOne Asset Management System
2025-10-26 16:24:56.731 +01:00 [WRN] No store type was specified for the decimal property 'LaborHours' on entity type 'MaintenanceHistory'. This will cause values to be silently truncated if they do not fit in the default precision and scale. Explicitly specify the SQL server column type that can accommodate all the values in 'OnModelCreating' using 'HasColumnType', specify precision and scale using 'HasPrecision', or configure a value converter using 'HasConversion'.
2025-10-26 16:24:56.740 +01:00 [WRN] No store type was specified for the decimal property 'PartsCost' on entity type 'MaintenanceHistory'. This will cause values to be silently truncated if they do not fit in the default precision and scale. Explicitly specify the SQL server column type that can accommodate all the values in 'OnModelCreating' using 'HasColumnType', specify precision and scale using 'HasPrecision', or configure a value converter using 'HasConversion'.
2025-10-26 16:24:59.229 +01:00 [INF] Database initialized successfully
2025-10-26 16:24:59.247 +01:00 [INF] BuildOne started successfully
2025-10-26 16:25:05.416 +01:00 [WRN] Failed to determine the https port for redirect.
2025-10-26 16:25:05.564 +01:00 [INF] Asset Management Dashboard accessed
2025-10-26 16:25:06.681 +01:00 [INF] HTTP GET / responded 200 in 1263.8528 ms
2025-10-26 16:25:06.810 +01:00 [INF] HTTP GET /css/brand.css responded 200 in 14.2242 ms
2025-10-26 16:25:06.821 +01:00 [INF] HTTP GET /.well-known/appspecific/com.chrome.devtools.json responded 404 in 15.3389 ms
2025-10-26 16:25:07.720 +01:00 [INF] HTTP GET /api/notifications responded 200 in 525.9449 ms
2025-10-26 16:25:15.417 +01:00 [INF] HTTP GET /Departments responded 200 in 259.5425 ms
2025-10-26 16:25:15.786 +01:00 [INF] HTTP GET /.well-known/appspecific/com.chrome.devtools.json responded 404 in 1.1524 ms
2025-10-26 16:25:15.786 +01:00 [INF] HTTP GET /css/brand.css responded 304 in 1.7761 ms
2025-10-26 16:25:16.211 +01:00 [INF] HTTP GET /api/notifications responded 200 in 18.7357 ms
2025-10-26 16:26:17.341 +01:00 [INF] HTTP GET /Audit/Create responded 200 in 101.0141 ms
2025-10-26 16:26:17.458 +01:00 [INF] HTTP GET /css/brand.css responded 304 in 0.4010 ms
2025-10-26 16:26:17.802 +01:00 [INF] HTTP GET /api/notifications responded 200 in 71.8575 ms
2025-10-26 16:26:22.596 +01:00 [INF] HTTP GET /Audit/Scan responded 200 in 60.0359 ms
2025-10-26 16:26:22.834 +01:00 [INF] HTTP GET /api/notifications responded 200 in 8.4053 ms
2025-10-26 16:26:23.011 +01:00 [INF] HTTP GET /api/assetaudit/assets responded 200 in 183.8746 ms
2025-10-26 16:26:49.260 +01:00 [INF] HTTP GET /Audit responded 200 in 157.7808 ms
2025-10-26 16:26:49.318 +01:00 [INF] HTTP GET /css/site.css responded 304 in 0.6972 ms
2025-10-26 16:26:49.328 +01:00 [INF] HTTP GET /css/brand.css responded 304 in 0.4512 ms
2025-10-26 16:26:49.485 +01:00 [INF] HTTP GET /api/notifications responded 200 in 12.1308 ms
2025-10-26 16:27:08.293 +01:00 [INF] HTTP GET /Assets responded 200 in 293.9041 ms
2025-10-26 16:27:08.326 +01:00 [INF] HTTP GET /css/brand.css responded 304 in 1.7320 ms
2025-10-26 16:27:08.679 +01:00 [INF] HTTP GET /api/notifications responded 200 in 21.6869 ms
2025-10-26 16:27:14.791 +01:00 [INF] HTTP GET /Assets responded 200 in 92.7606 ms
2025-10-26 16:27:15.034 +01:00 [INF] HTTP GET /api/notifications responded 200 in 53.7254 ms
2025-10-26 16:27:32.117 +01:00 [INF] HTTP GET /Assets/Index responded 200 in 146.6955 ms
2025-10-26 16:27:39.429 +01:00 [INF] HTTP GET /Assets/Edit/1206 responded 200 in 284.6471 ms
2025-10-26 16:27:39.463 +01:00 [INF] HTTP GET /css/brand.css responded 304 in 0.3913 ms
2025-10-26 16:27:39.614 +01:00 [INF] HTTP GET /api/notifications responded 200 in 14.9585 ms
2025-10-26 16:27:51.347 +01:00 [INF] HTTP GET /Assets/Details/1206 responded 200 in 257.6523 ms
2025-10-26 16:27:51.526 +01:00 [INF] HTTP GET /api/notifications responded 200 in 13.5968 ms
2025-10-26 16:27:51.610 +01:00 [INF] HTTP GET /api/attachments/asset/1206 responded 200 in 95.4381 ms
2025-10-26 16:27:52.540 +01:00 [INF] HTTP GET /api/qrcode/asset/1206/base64 responded 200 in 1025.5793 ms
2025-10-26 16:27:53.509 +01:00 [INF] Asset Management Dashboard accessed
2025-10-26 16:27:53.621 +01:00 [INF] HTTP GET / responded 200 in 112.8511 ms
2025-10-26 16:27:53.827 +01:00 [INF] HTTP GET /api/notifications responded 200 in 5.4794 ms
2025-10-26 16:28:38.772 +01:00 [INF] HTTP GET /Audit responded 200 in 33.6087 ms
2025-10-26 16:28:38.838 +01:00 [INF] HTTP GET /css/brand.css responded 304 in 0.2942 ms
2025-10-26 16:28:39.045 +01:00 [INF] HTTP GET /api/notifications responded 200 in 62.9400 ms
2025-10-26 16:28:42.667 +01:00 [INF] HTTP GET /Audit/Scan responded 200 in 5.4610 ms
2025-10-26 16:28:42.884 +01:00 [INF] HTTP GET /api/notifications responded 200 in 20.7840 ms
2025-10-26 16:28:42.930 +01:00 [INF] HTTP GET /api/assetaudit/assets responded 200 in 66.9170 ms
2025-10-26 16:32:52.766 +01:00 [INF] Asset audit created: AST-DES-00202 by admin@buildone.com
2025-10-26 16:32:52.801 +01:00 [INF] Asset audited: AST-DES-00202, Location Changed: false
2025-10-26 16:32:52.835 +01:00 [INF] HTTP POST /api/assetaudit/process-scan responded 200 in 388.9962 ms
2025-10-26 16:33:20.359 +01:00 [INF] Asset audit created: AST-DES-00202 by admin@buildone.com
2025-10-26 16:33:20.377 +01:00 [INF] Asset audited: AST-DES-00202, Location Changed: false
2025-10-26 16:33:20.387 +01:00 [INF] HTTP POST /api/assetaudit/process-scan responded 200 in 43.5222 ms
2025-10-26 16:33:39.885 +01:00 [INF] Asset audit created: AST-DES-00202 by admin@buildone.com
2025-10-26 16:33:39.897 +01:00 [INF] Asset audited: AST-DES-00202, Location Changed: false
2025-10-26 16:33:39.904 +01:00 [INF] HTTP POST /api/assetaudit/process-scan responded 200 in 33.2205 ms
2025-10-26 16:33:42.919 +01:00 [INF] HTTP GET /api/notifications responded 200 in 53.3535 ms
2025-10-26 16:33:46.617 +01:00 [INF] HTTP GET /Audit responded 200 in 24.6771 ms
2025-10-26 16:33:46.715 +01:00 [INF] HTTP GET /css/brand.css responded 304 in 0.4040 ms
2025-10-26 16:33:47.061 +01:00 [INF] HTTP GET /api/notifications responded 200 in 52.0868 ms
2025-10-26 16:35:54.525 +01:00 [INF] HTTP GET /Audit/Scan responded 200 in 4.3780 ms
2025-10-26 16:35:54.610 +01:00 [INF] HTTP GET /css/site.css responded 304 in 0.2779 ms
2025-10-26 16:35:54.629 +01:00 [INF] HTTP GET /css/brand.css responded 304 in 0.8106 ms
2025-10-26 16:35:54.909 +01:00 [INF] HTTP GET /api/assetaudit/assets responded 200 in 39.9767 ms
2025-10-26 16:35:54.914 +01:00 [INF] HTTP GET /api/notifications responded 200 in 45.9410 ms
2025-10-26 16:46:12.356 +01:00 [INF] Starting BuildOne Asset Management System
2025-10-26 16:46:12.526 +01:00 [FTL] Application failed to start
Microsoft.Extensions.Hosting.HostAbortedException: The host was aborted.
   at Microsoft.Extensions.Hosting.HostFactoryResolver.HostingListener.ThrowHostAborted()
   at Microsoft.Extensions.Hosting.HostFactoryResolver.HostingListener.OnNext(KeyValuePair`2 value)
   at System.Diagnostics.DiagnosticListener.Write(String name, Object value)
   at Microsoft.Extensions.Hosting.HostBuilder.ResolveHost(IServiceProvider serviceProvider, DiagnosticListener diagnosticListener)
   at Microsoft.Extensions.Hosting.HostApplicationBuilder.Build()
   at Microsoft.AspNetCore.Builder.WebApplicationBuilder.Build()
   at Program.<Main>$(String[] args) in C:\Users\victo\Desktop\buildone\Program.cs:line 210
2025-10-26 16:46:31.971 +01:00 [INF] Starting BuildOne Asset Management System
2025-10-26 16:46:32.147 +01:00 [FTL] Application failed to start
Microsoft.Extensions.Hosting.HostAbortedException: The host was aborted.
   at Microsoft.Extensions.Hosting.HostFactoryResolver.HostingListener.ThrowHostAborted()
   at Microsoft.Extensions.Hosting.HostFactoryResolver.HostingListener.OnNext(KeyValuePair`2 value)
   at System.Diagnostics.DiagnosticListener.Write(String name, Object value)
   at Microsoft.Extensions.Hosting.HostBuilder.ResolveHost(IServiceProvider serviceProvider, DiagnosticListener diagnosticListener)
   at Microsoft.Extensions.Hosting.HostApplicationBuilder.Build()
   at Microsoft.AspNetCore.Builder.WebApplicationBuilder.Build()
   at Program.<Main>$(String[] args) in C:\Users\victo\Desktop\buildone\Program.cs:line 210
2025-10-26 16:52:41.798 +01:00 [INF] Starting BuildOne Asset Management System
2025-10-26 16:52:42.691 +01:00 [WRN] No store type was specified for the decimal property 'LaborHours' on entity type 'MaintenanceHistory'. This will cause values to be silently truncated if they do not fit in the default precision and scale. Explicitly specify the SQL server column type that can accommodate all the values in 'OnModelCreating' using 'HasColumnType', specify precision and scale using 'HasPrecision', or configure a value converter using 'HasConversion'.
2025-10-26 16:52:42.695 +01:00 [WRN] No store type was specified for the decimal property 'PartsCost' on entity type 'MaintenanceHistory'. This will cause values to be silently truncated if they do not fit in the default precision and scale. Explicitly specify the SQL server column type that can accommodate all the values in 'OnModelCreating' using 'HasColumnType', specify precision and scale using 'HasPrecision', or configure a value converter using 'HasConversion'.
2025-10-26 16:52:43.512 +01:00 [INF] Database initialized successfully
2025-10-26 16:52:43.516 +01:00 [INF] BuildOne started successfully
2025-10-26 16:52:55.045 +01:00 [WRN] Failed to determine the https port for redirect.
2025-10-26 16:52:55.215 +01:00 [INF] Asset Management Dashboard accessed
2025-10-26 16:52:56.408 +01:00 [INF] HTTP GET / responded 200 in 1361.9982 ms
2025-10-26 16:52:56.524 +01:00 [INF] HTTP GET /css/site.css responded 304 in 6.2237 ms
2025-10-26 16:52:56.524 +01:00 [INF] HTTP GET /js/site.js responded 304 in 6.4823 ms
2025-10-26 16:52:56.525 +01:00 [INF] HTTP GET /css/brand.css responded 304 in 7.1416 ms
2025-10-26 16:52:57.230 +01:00 [INF] HTTP GET /api/notifications responded 200 in 411.8354 ms
2025-10-26 16:53:05.353 +01:00 [INF] HTTP GET /Audit responded 200 in 289.3786 ms
2025-10-26 16:53:05.605 +01:00 [INF] HTTP GET /api/notifications responded 200 in 13.5164 ms
2025-10-26 16:53:26.832 +01:00 [INF] HTTP GET /Audit/Create responded 200 in 227.4253 ms
2025-10-26 16:53:27.396 +01:00 [INF] HTTP GET /api/notifications responded 200 in 304.3555 ms
2025-10-26 16:53:29.411 +01:00 [INF] HTTP GET /Audit/Scan responded 200 in 59.8837 ms
2025-10-26 16:53:29.962 +01:00 [INF] HTTP GET /api/assetaudit/assets responded 200 in 294.2328 ms
2025-10-26 16:53:30.070 +01:00 [INF] HTTP GET /api/assetaudit/session/a88ca640-1c6c-4faa-97c9-c69b0b47ba1a responded 200 in 401.9801 ms
2025-10-26 16:53:30.101 +01:00 [INF] HTTP GET /api/notifications responded 200 in 432.6509 ms
2025-10-26 16:53:48.974 +01:00 [INF] Asset audit created: AST-DES-00202 by admin@buildone.com
2025-10-26 16:53:49.034 +01:00 [INF] Asset audited: AST-DES-00202, Location Changed: false
2025-10-26 16:53:49.097 +01:00 [INF] HTTP POST /api/assetaudit/process-scan responded 200 in 658.7834 ms
2025-10-26 16:53:49.129 +01:00 [INF] HTTP GET /api/assetaudit/session/a88ca640-1c6c-4faa-97c9-c69b0b47ba1a responded 200 in 19.2036 ms
2025-10-26 16:54:05.195 +01:00 [INF] HTTP GET /Audit responded 200 in 18.3532 ms
2025-10-26 16:54:05.587 +01:00 [INF] HTTP GET /api/notifications responded 200 in 43.8346 ms
2025-10-26 16:54:58.895 +01:00 [INF] HTTP GET /Reports responded 200 in 398.3652 ms
2025-10-26 16:54:59.259 +01:00 [INF] HTTP GET /api/notifications responded 200 in 21.9345 ms
2025-10-26 16:55:08.808 +01:00 [INF] HTTP GET /Audit responded 200 in 11.4586 ms
2025-10-26 16:55:09.005 +01:00 [INF] HTTP GET /api/notifications responded 200 in 14.4795 ms
2025-10-26 16:55:17.894 +01:00 [INF] HTTP GET /Audit responded 200 in 7.3330 ms
2025-10-26 16:55:18.095 +01:00 [INF] HTTP GET /api/notifications responded 200 in 5.1816 ms
2025-10-26 17:11:23.237 +01:00 [INF] Starting BuildOne Asset Management System
2025-10-26 17:11:24.013 +01:00 [WRN] No store type was specified for the decimal property 'LaborHours' on entity type 'MaintenanceHistory'. This will cause values to be silently truncated if they do not fit in the default precision and scale. Explicitly specify the SQL server column type that can accommodate all the values in 'OnModelCreating' using 'HasColumnType', specify precision and scale using 'HasPrecision', or configure a value converter using 'HasConversion'.
2025-10-26 17:11:24.017 +01:00 [WRN] No store type was specified for the decimal property 'PartsCost' on entity type 'MaintenanceHistory'. This will cause values to be silently truncated if they do not fit in the default precision and scale. Explicitly specify the SQL server column type that can accommodate all the values in 'OnModelCreating' using 'HasColumnType', specify precision and scale using 'HasPrecision', or configure a value converter using 'HasConversion'.
2025-10-26 17:11:24.789 +01:00 [INF] Database initialized successfully
2025-10-26 17:11:24.793 +01:00 [INF] BuildOne started successfully
2025-10-26 17:11:46.547 +01:00 [WRN] Failed to determine the https port for redirect.
2025-10-26 17:11:46.657 +01:00 [INF] Asset Management Dashboard accessed
2025-10-26 17:11:47.214 +01:00 [INF] HTTP GET / responded 200 in 668.4353 ms
2025-10-26 17:11:47.283 +01:00 [INF] HTTP GET /css/brand.css responded 304 in 6.3198 ms
2025-10-26 17:11:47.283 +01:00 [INF] HTTP GET /css/site.css responded 304 in 6.1867 ms
2025-10-26 17:11:47.892 +01:00 [INF] HTTP GET /api/notifications responded 200 in 363.2648 ms
2025-10-26 17:11:54.377 +01:00 [INF] HTTP GET /Audit responded 200 in 215.3451 ms
2025-10-26 17:11:54.560 +01:00 [INF] HTTP GET /api/notifications responded 200 in 11.0718 ms
2025-10-26 17:12:08.949 +01:00 [INF] Audit record 5 deleted by admin@buildone.com. Reason: 
2025-10-26 17:12:08.963 +01:00 [INF] HTTP DELETE /api/assetaudit/delete-audit/5 responded 200 in 633.8236 ms
2025-10-26 17:12:09.030 +01:00 [INF] HTTP GET /Audit responded 200 in 26.3962 ms
2025-10-26 17:12:09.242 +01:00 [INF] HTTP GET /api/notifications responded 200 in 53.9527 ms
2025-10-26 17:12:16.310 +01:00 [WRN] Audit record not found or already deleted: 5
2025-10-26 17:12:16.324 +01:00 [INF] HTTP DELETE /api/assetaudit/delete-audit/5 responded 404 in 33.7854 ms
2025-10-26 17:12:21.142 +01:00 [WRN] Audit record not found or already deleted: 5
2025-10-26 17:12:21.149 +01:00 [INF] HTTP DELETE /api/assetaudit/delete-audit/5 responded 404 in 15.4971 ms
2025-10-26 17:12:25.962 +01:00 [INF] HTTP GET /Audit responded 200 in 11.2000 ms
2025-10-26 17:12:26.145 +01:00 [INF] HTTP GET /api/notifications responded 200 in 5.0369 ms
2025-10-26 17:12:34.913 +01:00 [INF] Audit record 3 deleted by admin@buildone.com. Reason: 
2025-10-26 17:12:34.921 +01:00 [INF] HTTP DELETE /api/assetaudit/delete-audit/3 responded 200 in 32.1312 ms
2025-10-26 17:12:34.968 +01:00 [INF] HTTP GET /Audit responded 200 in 10.4928 ms
2025-10-26 17:12:35.166 +01:00 [INF] HTTP GET /api/notifications responded 200 in 9.9310 ms
2025-10-26 17:12:40.102 +01:00 [INF] HTTP GET /Audit responded 200 in 7.4701 ms
2025-10-26 17:12:40.281 +01:00 [INF] HTTP GET /api/notifications responded 200 in 4.8515 ms
2025-10-26 17:12:49.689 +01:00 [INF] HTTP GET /Audit/Create responded 200 in 100.6351 ms
2025-10-26 17:12:49.965 +01:00 [INF] HTTP GET /api/notifications responded 200 in 58.1710 ms
2025-10-26 17:12:52.253 +01:00 [INF] HTTP GET /Audit/Scan responded 200 in 33.3128 ms
2025-10-26 17:12:52.474 +01:00 [INF] HTTP GET /api/notifications responded 200 in 44.2154 ms
2025-10-26 17:12:52.582 +01:00 [INF] HTTP GET /api/assetaudit/session/a88ca640-1c6c-4faa-97c9-c69b0b47ba1a responded 200 in 154.9839 ms
2025-10-26 17:12:52.608 +01:00 [INF] HTTP GET /api/assetaudit/assets responded 200 in 177.4391 ms
2025-10-26 17:12:54.492 +01:00 [INF] HTTP GET /Audit responded 200 in 6.2256 ms
2025-10-26 17:12:54.667 +01:00 [INF] HTTP GET /api/notifications responded 200 in 6.1733 ms
2025-10-26 17:16:53.276 +01:00 [INF] Starting BuildOne Asset Management System
2025-10-26 17:16:54.095 +01:00 [WRN] No store type was specified for the decimal property 'LaborHours' on entity type 'MaintenanceHistory'. This will cause values to be silently truncated if they do not fit in the default precision and scale. Explicitly specify the SQL server column type that can accommodate all the values in 'OnModelCreating' using 'HasColumnType', specify precision and scale using 'HasPrecision', or configure a value converter using 'HasConversion'.
2025-10-26 17:16:54.098 +01:00 [WRN] No store type was specified for the decimal property 'PartsCost' on entity type 'MaintenanceHistory'. This will cause values to be silently truncated if they do not fit in the default precision and scale. Explicitly specify the SQL server column type that can accommodate all the values in 'OnModelCreating' using 'HasColumnType', specify precision and scale using 'HasPrecision', or configure a value converter using 'HasConversion'.
2025-10-26 17:16:54.879 +01:00 [INF] Database initialized successfully
2025-10-26 17:16:54.885 +01:00 [INF] BuildOne started successfully
2025-10-26 17:17:03.553 +01:00 [WRN] Failed to determine the https port for redirect.
2025-10-26 17:17:03.645 +01:00 [INF] Asset Management Dashboard accessed
2025-10-26 17:17:04.644 +01:00 [INF] HTTP GET / responded 200 in 1086.5052 ms
2025-10-26 17:17:04.730 +01:00 [INF] HTTP GET /css/brand.css responded 304 in 4.9751 ms
2025-10-26 17:17:05.336 +01:00 [INF] HTTP GET /api/notifications responded 200 in 380.4419 ms
2025-10-26 17:17:10.825 +01:00 [INF] HTTP GET /Audit responded 200 in 186.8026 ms
2025-10-26 17:17:11.098 +01:00 [INF] HTTP GET /api/notifications responded 200 in 16.6060 ms
2025-10-26 17:17:18.462 +01:00 [WRN] Audit record not found or already deleted: 5
2025-10-26 17:17:18.468 +01:00 [INF] HTTP DELETE /api/assetaudit/delete-audit/5 responded 404 in 105.8789 ms
2025-10-26 17:17:30.014 +01:00 [INF] Audit record 1 deleted by admin@buildone.com. Reason: 
2025-10-26 17:17:30.022 +01:00 [INF] HTTP DELETE /api/assetaudit/delete-audit/1 responded 200 in 437.8955 ms
2025-10-26 17:17:32.080 +01:00 [INF] HTTP GET /Audit responded 200 in 22.1104 ms
2025-10-26 17:17:32.359 +01:00 [INF] HTTP GET /api/notifications responded 200 in 70.1224 ms
2025-10-26 17:17:38.671 +01:00 [WRN] Audit record not found or already deleted: 1
2025-10-26 17:17:38.679 +01:00 [INF] HTTP DELETE /api/assetaudit/delete-audit/1 responded 404 in 21.0519 ms
2025-10-26 17:20:23.124 +01:00 [INF] HTTP GET /Audit responded 200 in 21.6976 ms
2025-10-26 17:20:23.524 +01:00 [INF] HTTP GET /api/notifications responded 200 in 59.6173 ms
2025-10-26 17:20:30.691 +01:00 [INF] Audit record 4 deleted by admin@buildone.com. Reason: 
2025-10-26 17:20:30.703 +01:00 [INF] HTTP DELETE /api/assetaudit/delete-audit/4 responded 200 in 71.0983 ms
2025-10-26 17:20:32.751 +01:00 [INF] HTTP GET /Audit responded 200 in 7.0426 ms
2025-10-26 17:20:32.961 +01:00 [INF] HTTP GET /api/notifications responded 200 in 11.1941 ms
2025-10-26 17:25:44.571 +01:00 [INF] Starting BuildOne Asset Management System
2025-10-26 17:25:45.396 +01:00 [WRN] No store type was specified for the decimal property 'LaborHours' on entity type 'MaintenanceHistory'. This will cause values to be silently truncated if they do not fit in the default precision and scale. Explicitly specify the SQL server column type that can accommodate all the values in 'OnModelCreating' using 'HasColumnType', specify precision and scale using 'HasPrecision', or configure a value converter using 'HasConversion'.
2025-10-26 17:25:45.401 +01:00 [WRN] No store type was specified for the decimal property 'PartsCost' on entity type 'MaintenanceHistory'. This will cause values to be silently truncated if they do not fit in the default precision and scale. Explicitly specify the SQL server column type that can accommodate all the values in 'OnModelCreating' using 'HasColumnType', specify precision and scale using 'HasPrecision', or configure a value converter using 'HasConversion'.
2025-10-26 17:25:46.194 +01:00 [INF] Database initialized successfully
2025-10-26 17:25:46.200 +01:00 [INF] BuildOne started successfully
2025-10-26 17:26:16.772 +01:00 [WRN] Failed to determine the https port for redirect.
2025-10-26 17:26:17.057 +01:00 [INF] Asset Management Dashboard accessed
2025-10-26 17:26:17.995 +01:00 [INF] HTTP GET / responded 200 in 1225.5481 ms
2025-10-26 17:26:18.060 +01:00 [INF] HTTP GET /css/site.css responded 304 in 3.5819 ms
2025-10-26 17:26:18.060 +01:00 [INF] HTTP GET /css/brand.css responded 304 in 3.5819 ms
2025-10-26 17:26:18.716 +01:00 [INF] HTTP GET /api/notifications responded 200 in 408.9117 ms
2025-10-26 17:27:00.655 +01:00 [INF] HTTP GET /Audit responded 200 in 254.1147 ms
2025-10-26 17:27:00.988 +01:00 [INF] HTTP GET /api/notifications responded 200 in 38.8516 ms
2025-10-26 17:27:07.863 +01:00 [WRN] Audit record not found or already deleted: 3
2025-10-26 17:27:07.867 +01:00 [INF] HTTP DELETE /api/assetaudit/delete-audit/3 responded 404 in 146.9515 ms
2025-10-26 17:27:23.943 +01:00 [INF] HTTP GET /Audit/Create responded 200 in 88.5631 ms
2025-10-26 17:27:24.204 +01:00 [INF] HTTP GET /api/notifications responded 200 in 54.8218 ms
2025-10-26 17:27:27.541 +01:00 [INF] HTTP GET /Audit/Scan responded 200 in 50.3633 ms
2025-10-26 17:27:27.907 +01:00 [INF] HTTP GET /api/notifications responded 200 in 110.9291 ms
2025-10-26 17:27:27.952 +01:00 [INF] HTTP GET /api/assetaudit/session/a88ca640-1c6c-4faa-97c9-c69b0b47ba1a responded 200 in 155.5950 ms
2025-10-26 17:27:28.005 +01:00 [INF] HTTP GET /api/assetaudit/assets responded 200 in 204.7748 ms
2025-10-26 17:27:31.263 +01:00 [INF] HTTP GET /Audit responded 200 in 25.7544 ms
2025-10-26 17:27:31.487 +01:00 [INF] HTTP GET /api/notifications responded 200 in 12.0576 ms
2025-10-26 17:43:11.516 +01:00 [INF] Starting BuildOne Asset Management System
2025-10-26 17:43:12.325 +01:00 [WRN] No store type was specified for the decimal property 'LaborHours' on entity type 'MaintenanceHistory'. This will cause values to be silently truncated if they do not fit in the default precision and scale. Explicitly specify the SQL server column type that can accommodate all the values in 'OnModelCreating' using 'HasColumnType', specify precision and scale using 'HasPrecision', or configure a value converter using 'HasConversion'.
2025-10-26 17:43:12.329 +01:00 [WRN] No store type was specified for the decimal property 'PartsCost' on entity type 'MaintenanceHistory'. This will cause values to be silently truncated if they do not fit in the default precision and scale. Explicitly specify the SQL server column type that can accommodate all the values in 'OnModelCreating' using 'HasColumnType', specify precision and scale using 'HasPrecision', or configure a value converter using 'HasConversion'.
2025-10-26 17:43:13.060 +01:00 [INF] Database initialized successfully
2025-10-26 17:43:13.065 +01:00 [INF] BuildOne started successfully
2025-10-26 17:43:41.594 +01:00 [WRN] Failed to determine the https port for redirect.
2025-10-26 17:43:41.699 +01:00 [INF] Asset Management Dashboard accessed
2025-10-26 17:43:42.306 +01:00 [INF] HTTP GET / responded 200 in 713.1228 ms
2025-10-26 17:43:42.371 +01:00 [INF] HTTP GET /css/site.css responded 304 in 6.7598 ms
2025-10-26 17:43:42.372 +01:00 [INF] HTTP GET /css/brand.css responded 304 in 6.7194 ms
2025-10-26 17:43:42.985 +01:00 [INF] HTTP GET /api/notifications responded 200 in 378.2818 ms
2025-10-26 17:43:48.251 +01:00 [INF] HTTP GET /Audit responded 200 in 220.8643 ms
2025-10-26 17:43:48.493 +01:00 [INF] HTTP GET /api/notifications responded 200 in 70.6843 ms
2025-10-26 17:44:06.741 +01:00 [WRN] Clearing all audit records initiated by admin@buildone.com
2025-10-26 17:44:07.460 +01:00 [WRN] All audit records cleared by admin@buildone.com. Total audits deleted: 5, Total delete history cleared: 4
2025-10-26 17:44:07.476 +01:00 [INF] HTTP DELETE /api/assetaudit/clear-all responded 200 in 760.9853 ms
2025-10-26 17:44:09.540 +01:00 [INF] HTTP GET /Audit responded 200 in 25.0382 ms
2025-10-26 17:44:09.833 +01:00 [INF] HTTP GET /api/notifications responded 200 in 42.2113 ms
2025-10-26 17:44:13.010 +01:00 [INF] HTTP GET /api/assetaudit/deleted-history responded 200 in 95.4522 ms
2025-10-26 17:45:21.156 +01:00 [INF] HTTP GET /api/notifications responded 200 in 219.1608 ms
2025-10-26 17:46:02.937 +01:00 [INF] Starting BuildOne Asset Management System
2025-10-26 17:46:03.924 +01:00 [WRN] No store type was specified for the decimal property 'LaborHours' on entity type 'MaintenanceHistory'. This will cause values to be silently truncated if they do not fit in the default precision and scale. Explicitly specify the SQL server column type that can accommodate all the values in 'OnModelCreating' using 'HasColumnType', specify precision and scale using 'HasPrecision', or configure a value converter using 'HasConversion'.
2025-10-26 17:46:03.930 +01:00 [WRN] No store type was specified for the decimal property 'PartsCost' on entity type 'MaintenanceHistory'. This will cause values to be silently truncated if they do not fit in the default precision and scale. Explicitly specify the SQL server column type that can accommodate all the values in 'OnModelCreating' using 'HasColumnType', specify precision and scale using 'HasPrecision', or configure a value converter using 'HasConversion'.
2025-10-26 17:46:04.737 +01:00 [INF] Database initialized successfully
2025-10-26 17:46:04.741 +01:00 [INF] BuildOne started successfully
2025-10-26 17:46:13.785 +01:00 [WRN] Failed to determine the https port for redirect.
2025-10-26 17:46:13.915 +01:00 [INF] Asset Management Dashboard accessed
2025-10-26 17:46:15.133 +01:00 [INF] HTTP GET / responded 200 in 1344.4243 ms
2025-10-26 17:46:15.815 +01:00 [INF] HTTP GET /api/notifications responded 200 in 379.4646 ms
2025-10-26 17:46:19.677 +01:00 [INF] HTTP GET /Audit responded 200 in 189.2978 ms
2025-10-26 17:46:19.890 +01:00 [INF] HTTP GET /api/notifications responded 200 in 24.5864 ms
2025-10-26 17:47:36.408 +01:00 [INF] HTTP GET /Audit/Create responded 200 in 68.5520 ms
2025-10-26 17:47:36.771 +01:00 [INF] HTTP GET /api/notifications responded 200 in 41.7095 ms
2025-10-26 17:47:44.895 +01:00 [INF] HTTP GET /Audit/Scan responded 200 in 26.8986 ms
2025-10-26 17:47:45.107 +01:00 [INF] HTTP GET /api/notifications responded 200 in 27.5462 ms
2025-10-26 17:47:45.258 +01:00 [INF] HTTP GET /api/assetaudit/session/a88ca640-1c6c-4faa-97c9-c69b0b47ba1a responded 200 in 170.3371 ms
2025-10-26 17:47:45.322 +01:00 [INF] HTTP GET /api/assetaudit/assets responded 200 in 233.6717 ms
2025-10-26 17:48:30.047 +01:00 [INF] HTTP GET /api/assetaudit/deleted-history responded 200 in 90.2031 ms
2025-10-26 17:49:39.382 +01:00 [INF] HTTP GET /api/assetaudit/session/a88ca640-1c6c-4faa-97c9-c69b0b47ba1a responded 200 in 56.1467 ms
2025-10-26 17:49:47.656 +01:00 [INF] HTTP GET /Inventory responded 200 in 394.3067 ms
2025-10-26 17:49:48.055 +01:00 [INF] HTTP GET /api/notifications responded 200 in 42.2758 ms
2025-10-26 17:49:52.238 +01:00 [INF] HTTP GET /Inventory/Scan responded 200 in 16.0014 ms
2025-10-26 17:49:52.457 +01:00 [INF] HTTP GET /api/notifications responded 200 in 16.8446 ms
2025-10-26 17:50:39.428 +01:00 [INF] HTTP GET /Inventory/Create responded 200 in 172.5087 ms
2025-10-26 17:50:40.018 +01:00 [INF] HTTP GET /api/notifications responded 200 in 243.8753 ms
2025-10-26 17:50:43.705 +01:00 [INF] HTTP GET /Inventory responded 200 in 55.5760 ms
2025-10-26 17:50:43.902 +01:00 [INF] HTTP GET /api/notifications responded 200 in 5.7270 ms
2025-10-26 17:50:46.602 +01:00 [INF] HTTP GET /Inventory/Scan responded 200 in 2.7282 ms
2025-10-26 17:50:46.860 +01:00 [INF] HTTP GET /api/notifications responded 200 in 17.8274 ms
2025-10-26 17:55:46.999 +01:00 [INF] HTTP GET /api/notifications responded 200 in 143.0865 ms
2025-10-26 18:01:44.007 +01:00 [INF] Starting BuildOne Asset Management System
2025-10-26 18:01:45.187 +01:00 [WRN] No store type was specified for the decimal property 'LaborHours' on entity type 'MaintenanceHistory'. This will cause values to be silently truncated if they do not fit in the default precision and scale. Explicitly specify the SQL server column type that can accommodate all the values in 'OnModelCreating' using 'HasColumnType', specify precision and scale using 'HasPrecision', or configure a value converter using 'HasConversion'.
2025-10-26 18:01:45.193 +01:00 [WRN] No store type was specified for the decimal property 'PartsCost' on entity type 'MaintenanceHistory'. This will cause values to be silently truncated if they do not fit in the default precision and scale. Explicitly specify the SQL server column type that can accommodate all the values in 'OnModelCreating' using 'HasColumnType', specify precision and scale using 'HasPrecision', or configure a value converter using 'HasConversion'.
2025-10-26 18:01:46.037 +01:00 [INF] Database initialized successfully
2025-10-26 18:01:46.041 +01:00 [INF] BuildOne started successfully
2025-10-26 18:01:57.916 +01:00 [WRN] Failed to determine the https port for redirect.
2025-10-26 18:01:58.231 +01:00 [INF] Asset Management Dashboard accessed
2025-10-26 18:01:59.261 +01:00 [INF] HTTP GET / responded 200 in 1343.2537 ms
2025-10-26 18:01:59.336 +01:00 [INF] HTTP GET /css/site.css responded 304 in 6.3495 ms
2025-10-26 18:01:59.336 +01:00 [INF] HTTP GET /css/brand.css responded 304 in 6.3607 ms
2025-10-26 18:01:59.948 +01:00 [INF] HTTP GET /api/notifications responded 200 in 367.6692 ms
2025-10-26 18:03:02.373 +01:00 [INF] HTTP GET /Inventory responded 200 in 560.2046 ms
2025-10-26 18:03:02.696 +01:00 [INF] HTTP GET /api/notifications responded 200 in 53.0978 ms
2025-10-26 18:03:04.374 +01:00 [INF] HTTP GET /Inventory/Scan responded 200 in 18.4023 ms
2025-10-26 18:03:04.733 +01:00 [INF] HTTP GET /api/notifications responded 200 in 17.8904 ms
2025-10-26 18:03:21.852 +01:00 [INF] HTTP GET /api/notifications responded 200 in 12.6984 ms
2025-10-26 18:03:31.271 +01:00 [INF] HTTP GET /Inventory responded 200 in 101.4190 ms
2025-10-26 18:03:31.696 +01:00 [INF] HTTP GET /api/notifications responded 200 in 217.8807 ms
2025-10-26 18:03:34.727 +01:00 [INF] HTTP GET /Inventory/Scan responded 200 in 8.8298 ms
2025-10-26 18:03:35.068 +01:00 [INF] HTTP GET /api/notifications responded 200 in 117.1465 ms
2025-10-26 18:03:44.966 +01:00 [INF] HTTP GET /Audit/Scan responded 200 in 62.0697 ms
2025-10-26 18:03:45.358 +01:00 [INF] HTTP GET /api/notifications responded 200 in 138.3110 ms
2025-10-26 18:03:45.441 +01:00 [INF] HTTP GET /api/assetaudit/session/a88ca640-1c6c-4faa-97c9-c69b0b47ba1a responded 200 in 218.5453 ms
2025-10-26 18:03:45.817 +01:00 [INF] HTTP GET /api/assetaudit/assets responded 200 in 581.9574 ms
2025-10-26 18:03:59.700 +01:00 [INF] HTTP GET /Inventory responded 200 in 34.9506 ms
2025-10-26 18:03:59.909 +01:00 [INF] HTTP GET /api/notifications responded 200 in 8.0666 ms
2025-10-26 18:04:02.414 +01:00 [INF] HTTP GET /Inventory/Scan responded 200 in 6.1921 ms
2025-10-26 18:04:02.742 +01:00 [INF] HTTP GET /api/notifications responded 200 in 71.2510 ms
2025-10-26 18:11:33.658 +01:00 [INF] Starting BuildOne Asset Management System
2025-10-26 18:11:34.492 +01:00 [WRN] No store type was specified for the decimal property 'LaborHours' on entity type 'MaintenanceHistory'. This will cause values to be silently truncated if they do not fit in the default precision and scale. Explicitly specify the SQL server column type that can accommodate all the values in 'OnModelCreating' using 'HasColumnType', specify precision and scale using 'HasPrecision', or configure a value converter using 'HasConversion'.
2025-10-26 18:11:34.497 +01:00 [WRN] No store type was specified for the decimal property 'PartsCost' on entity type 'MaintenanceHistory'. This will cause values to be silently truncated if they do not fit in the default precision and scale. Explicitly specify the SQL server column type that can accommodate all the values in 'OnModelCreating' using 'HasColumnType', specify precision and scale using 'HasPrecision', or configure a value converter using 'HasConversion'.
2025-10-26 18:11:35.345 +01:00 [INF] Database initialized successfully
2025-10-26 18:11:35.352 +01:00 [INF] BuildOne started successfully
2025-10-26 18:11:42.670 +01:00 [WRN] Failed to determine the https port for redirect.
2025-10-26 18:11:42.766 +01:00 [INF] Asset Management Dashboard accessed
2025-10-26 18:11:43.571 +01:00 [INF] HTTP GET / responded 200 in 900.4399 ms
2025-10-26 18:11:43.647 +01:00 [INF] HTTP GET /css/brand.css responded 304 in 8.2811 ms
2025-10-26 18:11:44.254 +01:00 [INF] HTTP GET /api/notifications responded 200 in 380.6826 ms
2025-10-26 18:11:53.789 +01:00 [INF] HTTP GET /Inventory responded 200 in 459.5923 ms
2025-10-26 18:11:54.038 +01:00 [INF] HTTP GET /api/notifications responded 200 in 14.5687 ms
2025-10-26 18:11:55.831 +01:00 [INF] HTTP GET /Inventory/Scan responded 200 in 20.8985 ms
2025-10-26 18:11:56.215 +01:00 [INF] HTTP GET /api/notifications responded 200 in 10.9104 ms
2025-10-26 18:14:44.458 +01:00 [INF] HTTP GET /Inventory/Create responded 200 in 245.5874 ms
2025-10-26 18:14:44.759 +01:00 [INF] HTTP GET /api/notifications responded 200 in 66.1020 ms
2025-10-26 18:14:47.116 +01:00 [INF] HTTP GET /Inventory responded 200 in 54.2640 ms
2025-10-26 18:14:47.370 +01:00 [INF] HTTP GET /api/notifications responded 200 in 22.1735 ms
2025-10-26 18:14:53.309 +01:00 [INF] HTTP GET /Inventory/Scan responded 200 in 7.2841 ms
2025-10-26 18:14:53.595 +01:00 [INF] HTTP GET /api/notifications responded 200 in 54.7399 ms
2025-10-26 18:15:05.390 +01:00 [INF] HTTP GET /Audit/Scan responded 200 in 56.7790 ms
2025-10-26 18:15:05.643 +01:00 [INF] HTTP GET /api/notifications responded 200 in 58.6122 ms
2025-10-26 18:15:05.737 +01:00 [INF] HTTP GET /api/assetaudit/session/a88ca640-1c6c-4faa-97c9-c69b0b47ba1a responded 200 in 156.4564 ms
2025-10-26 18:15:05.818 +01:00 [INF] HTTP GET /api/assetaudit/assets responded 200 in 231.5205 ms
2025-10-26 18:15:13.965 +01:00 [INF] HTTP GET /Inventory responded 200 in 15.3058 ms
2025-10-26 18:15:14.172 +01:00 [INF] HTTP GET /api/notifications responded 200 in 13.6413 ms
2025-10-26 18:15:16.240 +01:00 [INF] HTTP GET /Inventory/Scan responded 200 in 3.9988 ms
2025-10-26 18:15:16.504 +01:00 [INF] HTTP GET /api/notifications responded 200 in 23.8351 ms
2025-10-26 18:20:16.595 +01:00 [INF] HTTP GET /api/notifications responded 200 in 111.1307 ms
2025-10-26 18:23:27.021 +01:00 [INF] Starting BuildOne Asset Management System
2025-10-26 18:23:27.822 +01:00 [WRN] No store type was specified for the decimal property 'LaborHours' on entity type 'MaintenanceHistory'. This will cause values to be silently truncated if they do not fit in the default precision and scale. Explicitly specify the SQL server column type that can accommodate all the values in 'OnModelCreating' using 'HasColumnType', specify precision and scale using 'HasPrecision', or configure a value converter using 'HasConversion'.
2025-10-26 18:23:27.825 +01:00 [WRN] No store type was specified for the decimal property 'PartsCost' on entity type 'MaintenanceHistory'. This will cause values to be silently truncated if they do not fit in the default precision and scale. Explicitly specify the SQL server column type that can accommodate all the values in 'OnModelCreating' using 'HasColumnType', specify precision and scale using 'HasPrecision', or configure a value converter using 'HasConversion'.
2025-10-26 18:23:28.546 +01:00 [INF] Database initialized successfully
2025-10-26 18:23:28.551 +01:00 [INF] BuildOne started successfully
2025-10-26 18:23:44.975 +01:00 [WRN] Failed to determine the https port for redirect.
2025-10-26 18:23:45.073 +01:00 [INF] Asset Management Dashboard accessed
2025-10-26 18:23:45.841 +01:00 [INF] HTTP GET / responded 200 in 864.8901 ms
2025-10-26 18:23:45.940 +01:00 [INF] HTTP GET /css/brand.css responded 304 in 7.4012 ms
2025-10-26 18:23:45.940 +01:00 [INF] HTTP GET /css/site.css responded 304 in 7.4017 ms
2025-10-26 18:23:46.529 +01:00 [INF] HTTP GET /api/notifications responded 200 in 360.5946 ms
2025-10-26 18:23:52.171 +01:00 [INF] HTTP GET /Inventory responded 200 in 277.9109 ms
2025-10-26 18:23:52.375 +01:00 [INF] HTTP GET /api/notifications responded 200 in 12.5573 ms
2025-10-26 18:23:54.877 +01:00 [INF] HTTP GET /Inventory/Scan responded 200 in 27.3820 ms
2025-10-26 18:23:55.074 +01:00 [INF] HTTP GET /api/notifications responded 200 in 8.7630 ms
2025-10-26 18:28:55.235 +01:00 [INF] HTTP GET /api/notifications responded 200 in 157.3003 ms
2025-10-26 18:29:05.740 +01:00 [INF] HTTP GET /SystemSettings responded 200 in 225.4030 ms
2025-10-26 18:29:06.024 +01:00 [INF] HTTP GET /api/notifications responded 200 in 11.1475 ms
2025-10-26 18:29:27.936 +01:00 [INF] HTTP GET /Reports responded 200 in 312.5513 ms
2025-10-26 18:29:28.172 +01:00 [INF] HTTP GET /api/notifications responded 200 in 10.8291 ms
2025-10-26 18:30:00.880 +01:00 [INF] HTTP GET /Inventory responded 200 in 74.3513 ms
2025-10-26 18:30:01.301 +01:00 [INF] HTTP GET /api/notifications responded 200 in 132.8208 ms
2025-10-26 18:30:42.256 +01:00 [INF] HTTP GET /Inventory responded 200 in 45.1874 ms
2025-10-26 18:30:42.989 +01:00 [INF] HTTP GET /api/notifications responded 200 in 9.0401 ms
2025-10-26 18:35:43.322 +01:00 [INF] HTTP GET /api/notifications responded 200 in 330.4246 ms
2025-10-26 18:40:43.141 +01:00 [INF] HTTP GET /api/notifications responded 200 in 135.2162 ms
2025-10-26 18:42:15.835 +01:00 [INF] HTTP GET /Assets responded 200 in 151.4723 ms
2025-10-26 18:42:15.935 +01:00 [INF] HTTP GET /css/brand.css responded 304 in 0.8885 ms
2025-10-26 18:42:16.363 +01:00 [INF] HTTP GET /api/notifications responded 200 in 37.6476 ms
2025-10-26 18:42:20.853 +01:00 [INF] HTTP GET /Assets/Index responded 200 in 130.6624 ms
2025-10-26 18:42:33.772 +01:00 [INF] HTTP GET /Assets/Details/1203 responded 200 in 298.0558 ms
2025-10-26 18:42:33.811 +01:00 [INF] HTTP GET /css/site.css responded 304 in 0.4062 ms
2025-10-26 18:42:33.980 +01:00 [INF] HTTP GET /api/notifications responded 200 in 18.2225 ms
2025-10-26 18:42:34.011 +01:00 [INF] HTTP GET /api/attachments/asset/1203 responded 200 in 48.3004 ms
2025-10-26 18:42:34.793 +01:00 [INF] HTTP GET /api/qrcode/asset/1203/base64 responded 200 in 829.2943 ms
2025-10-26 18:47:34.108 +01:00 [INF] HTTP GET /api/notifications responded 200 in 120.4778 ms
2025-10-26 18:52:13.102 +01:00 [INF] HTTP GET /api/notifications responded 200 in 216.0423 ms
