2025-10-25 15:23:32.153 +01:00 [INF] Starting BuildOne Asset Management System
2025-10-25 15:23:32.299 +01:00 [FTL] Application failed to start
Microsoft.Extensions.Hosting.HostAbortedException: The host was aborted.
   at Microsoft.Extensions.Hosting.HostFactoryResolver.HostingListener.ThrowHostAborted()
   at Microsoft.Extensions.Hosting.HostFactoryResolver.HostingListener.OnNext(KeyValuePair`2 value)
   at System.Diagnostics.DiagnosticListener.Write(String name, Object value)
   at Microsoft.Extensions.Hosting.HostBuilder.ResolveHost(IServiceProvider serviceProvider, DiagnosticListener diagnosticListener)
   at Microsoft.Extensions.Hosting.HostApplicationBuilder.Build()
   at Microsoft.AspNetCore.Builder.WebApplicationBuilder.Build()
   at Program.<Main>$(String[] args) in C:\Users\victo\Desktop\buildone\Program.cs:line 208
2025-10-25 15:24:10.122 +01:00 [INF] Starting BuildOne Asset Management System
2025-10-25 15:24:13.445 +01:00 [WRN] No store type was specified for the decimal property 'LaborHours' on entity type 'MaintenanceHistory'. This will cause values to be silently truncated if they do not fit in the default precision and scale. Explicitly specify the SQL server column type that can accommodate all the values in 'OnModelCreating' using 'HasColumnType', specify precision and scale using 'HasPrecision', or configure a value converter using 'HasConversion'.
2025-10-25 15:24:13.450 +01:00 [WRN] No store type was specified for the decimal property 'PartsCost' on entity type 'MaintenanceHistory'. This will cause values to be silently truncated if they do not fit in the default precision and scale. Explicitly specify the SQL server column type that can accommodate all the values in 'OnModelCreating' using 'HasColumnType', specify precision and scale using 'HasPrecision', or configure a value converter using 'HasConversion'.
2025-10-25 15:24:16.009 +01:00 [INF] Database initialized successfully
2025-10-25 15:24:16.022 +01:00 [INF] BuildOne started successfully
2025-10-25 15:24:18.381 +01:00 [WRN] Failed to determine the https port for redirect.
2025-10-25 15:24:18.512 +01:00 [INF] Asset Management Dashboard accessed
2025-10-25 15:24:19.504 +01:00 [INF] HTTP GET / responded 200 in 1119.7215 ms
2025-10-25 15:24:19.612 +01:00 [INF] HTTP GET /css/site.css responded 200 in 20.0256 ms
2025-10-25 15:24:20.375 +01:00 [INF] HTTP GET /api/notifications responded 200 in 573.4169 ms
2025-10-25 15:24:25.707 +01:00 [INF] HTTP GET /Imaging/Create responded 200 in 533.6041 ms
2025-10-25 15:24:25.788 +01:00 [INF] HTTP GET /css/site.css responded 304 in 1.9782 ms
2025-10-25 15:24:26.002 +01:00 [INF] HTTP GET /api/notifications responded 200 in 23.8685 ms
2025-10-25 15:24:33.271 +01:00 [INF] HTTP GET /Assets responded 200 in 307.3168 ms
2025-10-25 15:24:33.316 +01:00 [INF] HTTP GET /css/site.css responded 304 in 0.5186 ms
2025-10-25 15:24:33.658 +01:00 [INF] HTTP GET /api/notifications responded 200 in 58.9288 ms
2025-10-25 15:29:33.876 +01:00 [INF] HTTP GET /api/notifications responded 200 in 47.8073 ms
2025-10-25 15:34:33.896 +01:00 [INF] HTTP GET /api/notifications responded 200 in 61.2846 ms
2025-10-25 15:39:33.869 +01:00 [INF] HTTP GET /api/notifications responded 200 in 44.8304 ms
2025-10-25 15:42:11.122 +01:00 [INF] HTTP GET /api/notifications responded 200 in 349.4772 ms
2025-10-25 15:42:26.458 +01:00 [INF] Asset Management Dashboard accessed
2025-10-25 15:42:26.588 +01:00 [INF] HTTP GET / responded 200 in 131.2856 ms
2025-10-25 15:42:26.671 +01:00 [INF] HTTP GET /css/site.css responded 304 in 0.5174 ms
2025-10-25 15:42:26.924 +01:00 [INF] HTTP GET /api/notifications responded 200 in 9.3234 ms
2025-10-25 15:42:34.935 +01:00 [INF] HTTP GET /Imaging responded 200 in 134.3848 ms
2025-10-25 15:42:35.224 +01:00 [INF] HTTP GET /api/notifications responded 200 in 7.1177 ms
2025-10-25 15:42:49.337 +01:00 [INF] HTTP GET /Imaging/Create responded 200 in 76.1834 ms
2025-10-25 15:42:49.502 +01:00 [INF] HTTP GET /api/notifications responded 200 in 8.4186 ms
2025-10-25 15:42:52.210 +01:00 [INF] HTTP GET /Imaging responded 200 in 64.6574 ms
2025-10-25 15:42:54.055 +01:00 [INF] HTTP GET /Imaging/Create responded 200 in 37.7600 ms
2025-10-25 15:42:54.250 +01:00 [INF] HTTP GET /api/notifications responded 200 in 4.9119 ms
2025-10-25 15:43:40.105 +01:00 [INF] HTTP GET /Inventory responded 200 in 324.7883 ms
2025-10-25 15:43:40.339 +01:00 [INF] HTTP GET /api/notifications responded 200 in 25.4844 ms
2025-10-25 15:43:43.444 +01:00 [INF] HTTP GET /Inventory/Create responded 200 in 158.9767 ms
2025-10-25 15:43:43.645 +01:00 [INF] HTTP GET /api/notifications responded 200 in 9.3231 ms
2025-10-25 15:43:56.417 +01:00 [INF] HTTP GET /Assets responded 200 in 51.7204 ms
2025-10-25 15:43:56.795 +01:00 [INF] HTTP GET /api/notifications responded 200 in 9.8803 ms
2025-10-25 16:02:13.063 +01:00 [INF] Starting BuildOne Asset Management System
2025-10-25 16:02:14.560 +01:00 [WRN] No store type was specified for the decimal property 'LaborHours' on entity type 'MaintenanceHistory'. This will cause values to be silently truncated if they do not fit in the default precision and scale. Explicitly specify the SQL server column type that can accommodate all the values in 'OnModelCreating' using 'HasColumnType', specify precision and scale using 'HasPrecision', or configure a value converter using 'HasConversion'.
2025-10-25 16:02:14.567 +01:00 [WRN] No store type was specified for the decimal property 'PartsCost' on entity type 'MaintenanceHistory'. This will cause values to be silently truncated if they do not fit in the default precision and scale. Explicitly specify the SQL server column type that can accommodate all the values in 'OnModelCreating' using 'HasColumnType', specify precision and scale using 'HasPrecision', or configure a value converter using 'HasConversion'.
2025-10-25 16:02:15.602 +01:00 [INF] Database initialized successfully
2025-10-25 16:02:15.607 +01:00 [INF] BuildOne started successfully
2025-10-25 16:02:21.188 +01:00 [WRN] Failed to determine the https port for redirect.
2025-10-25 16:02:22.269 +01:00 [INF] HTTP GET /api/notifications responded 200 in 1074.3951 ms
2025-10-25 16:02:28.715 +01:00 [INF] HTTP GET /Assets/Scan responded 200 in 177.9604 ms
2025-10-25 16:02:28.828 +01:00 [INF] HTTP GET /css/site.css responded 304 in 7.0438 ms
2025-10-25 16:02:29.315 +01:00 [INF] HTTP GET /api/notifications responded 200 in 137.9958 ms
2025-10-25 16:03:35.256 +01:00 [INF] HTTP GET /Assets responded 200 in 598.6916 ms
2025-10-25 16:03:35.778 +01:00 [INF] HTTP GET /api/notifications responded 200 in 60.0443 ms
2025-10-25 16:03:39.699 +01:00 [INF] HTTP GET /Assets/Index responded 200 in 158.5001 ms
2025-10-25 16:03:42.713 +01:00 [INF] HTTP GET /Assets/Details/1203 responded 200 in 427.4205 ms
2025-10-25 16:03:42.886 +01:00 [INF] HTTP GET /api/notifications responded 200 in 14.2271 ms
2025-10-25 16:03:42.953 +01:00 [INF] HTTP GET /api/attachments/asset/1203 responded 200 in 80.9699 ms
2025-10-25 16:03:43.009 +01:00 [INF] HTTP GET /api/qrcode/asset/1203/base64 responded 200 in 136.5811 ms
2025-10-25 16:04:12.034 +01:00 [INF] HTTP GET /Assets responded 200 in 73.6152 ms
2025-10-25 16:04:12.436 +01:00 [INF] HTTP GET /api/notifications responded 200 in 44.2359 ms
2025-10-25 16:04:14.135 +01:00 [INF] HTTP GET /Assets/Scan responded 200 in 7.4400 ms
2025-10-25 16:04:14.305 +01:00 [INF] HTTP GET /api/notifications responded 200 in 5.3195 ms
2025-10-25 16:09:14.899 +01:00 [INF] HTTP GET /api/notifications responded 200 in 59.3217 ms
2025-10-25 16:09:58.620 +01:00 [INF] Starting BuildOne Asset Management System
2025-10-25 16:09:59.412 +01:00 [WRN] No store type was specified for the decimal property 'LaborHours' on entity type 'MaintenanceHistory'. This will cause values to be silently truncated if they do not fit in the default precision and scale. Explicitly specify the SQL server column type that can accommodate all the values in 'OnModelCreating' using 'HasColumnType', specify precision and scale using 'HasPrecision', or configure a value converter using 'HasConversion'.
2025-10-25 16:09:59.416 +01:00 [WRN] No store type was specified for the decimal property 'PartsCost' on entity type 'MaintenanceHistory'. This will cause values to be silently truncated if they do not fit in the default precision and scale. Explicitly specify the SQL server column type that can accommodate all the values in 'OnModelCreating' using 'HasColumnType', specify precision and scale using 'HasPrecision', or configure a value converter using 'HasConversion'.
2025-10-25 16:10:00.104 +01:00 [INF] Database initialized successfully
2025-10-25 16:10:00.107 +01:00 [INF] BuildOne started successfully
2025-10-25 16:10:33.062 +01:00 [WRN] Failed to determine the https port for redirect.
2025-10-25 16:10:34.181 +01:00 [INF] HTTP GET /api/notifications responded 200 in 1111.7656 ms
2025-10-25 16:10:42.717 +01:00 [INF] Asset Management Dashboard accessed
2025-10-25 16:10:43.719 +01:00 [INF] HTTP GET / responded 200 in 1047.8644 ms
2025-10-25 16:10:43.811 +01:00 [INF] HTTP GET /css/site.css responded 304 in 5.6917 ms
2025-10-25 16:10:44.153 +01:00 [INF] HTTP GET /api/notifications responded 200 in 80.8185 ms
2025-10-25 16:10:51.138 +01:00 [INF] HTTP GET /Assets/Create responded 200 in 407.0721 ms
2025-10-25 16:10:51.349 +01:00 [INF] HTTP GET /api/notifications responded 200 in 9.0740 ms
2025-10-25 16:10:54.291 +01:00 [INF] HTTP GET /Assets responded 200 in 290.9237 ms
2025-10-25 16:10:54.661 +01:00 [INF] HTTP GET /api/notifications responded 200 in 16.2448 ms
2025-10-25 16:10:58.140 +01:00 [INF] HTTP GET /Assets/Scan responded 200 in 28.5301 ms
2025-10-25 16:10:58.330 +01:00 [INF] HTTP GET /api/notifications responded 200 in 6.9378 ms
2025-10-25 16:13:34.583 +01:00 [INF] Asset Management Dashboard accessed
2025-10-25 16:13:34.691 +01:00 [INF] HTTP GET / responded 200 in 269.4870 ms
2025-10-25 16:13:35.017 +01:00 [INF] HTTP GET /api/notifications responded 200 in 40.6081 ms
2025-10-25 16:13:38.128 +01:00 [INF] HTTP GET /Assets responded 200 in 63.9469 ms
2025-10-25 16:13:38.487 +01:00 [INF] HTTP GET /api/notifications responded 200 in 21.9171 ms
2025-10-25 16:13:40.130 +01:00 [INF] HTTP GET /Assets/Scan responded 200 in 6.1294 ms
2025-10-25 16:13:40.325 +01:00 [INF] HTTP GET /api/notifications responded 200 in 5.5342 ms
2025-10-25 16:15:04.514 +01:00 [INF] Asset Management Dashboard accessed
2025-10-25 16:15:04.605 +01:00 [INF] HTTP GET / responded 200 in 92.5284 ms
2025-10-25 16:15:04.921 +01:00 [INF] HTTP GET /api/notifications responded 200 in 39.1237 ms
2025-10-25 16:15:07.647 +01:00 [INF] HTTP GET /Assets responded 200 in 64.3649 ms
2025-10-25 16:15:08.097 +01:00 [INF] HTTP GET /api/notifications responded 200 in 60.6769 ms
2025-10-25 16:15:10.070 +01:00 [INF] HTTP GET /Assets/Scan responded 200 in 6.0732 ms
2025-10-25 16:15:10.266 +01:00 [INF] HTTP GET /api/notifications responded 200 in 28.8143 ms
2025-10-25 16:16:28.964 +01:00 [INF] HTTP GET /Imaging/Create responded 200 in 288.1193 ms
2025-10-25 16:16:29.022 +01:00 [INF] HTTP GET /css/site.css responded 304 in 0.6989 ms
2025-10-25 16:16:29.282 +01:00 [INF] HTTP GET /api/notifications responded 200 in 29.2917 ms
2025-10-25 16:16:34.809 +01:00 [INF] HTTP GET /Imaging/Queue responded 200 in 212.2383 ms
2025-10-25 16:16:36.467 +01:00 [INF] HTTP GET /api/notifications responded 200 in 8.7188 ms
2025-10-25 16:16:55.378 +01:00 [INF] HTTP GET /Imaging/Queue responded 200 in 182.3405 ms
2025-10-25 16:16:56.356 +01:00 [INF] HTTP GET /api/notifications responded 200 in 9.5846 ms
2025-10-25 16:17:20.671 +01:00 [INF] Generated job queue report with 402 jobs
2025-10-25 16:17:20.691 +01:00 [INF] HTTP GET /Imaging/Queue responded 200 in 103.8601 ms
2025-10-25 16:17:26.483 +01:00 [INF] HTTP GET /Imaging/Queue responded 200 in 99.2865 ms
2025-10-25 16:17:28.510 +01:00 [INF] HTTP GET /api/notifications responded 200 in 61.3802 ms
2025-10-25 16:17:56.446 +01:00 [INF] HTTP GET /Inventory responded 200 in 342.8170 ms
2025-10-25 16:17:56.647 +01:00 [INF] HTTP GET /api/notifications responded 200 in 6.5101 ms
2025-10-25 16:18:19.358 +01:00 [INF] HTTP GET /Inventory/Scan responded 200 in 23.3937 ms
2025-10-25 16:18:19.573 +01:00 [INF] HTTP GET /api/notifications responded 200 in 38.2494 ms
2025-10-25 16:18:23.625 +01:00 [INF] HTTP GET /Inventory responded 200 in 52.7162 ms
2025-10-25 16:18:28.007 +01:00 [INF] HTTP GET /Inventory/Details responded 200 in 189.7002 ms
2025-10-25 16:18:28.237 +01:00 [INF] HTTP GET /api/notifications responded 200 in 22.6495 ms
2025-10-25 16:18:48.001 +01:00 [INF] Asset Management Dashboard accessed
2025-10-25 16:18:48.105 +01:00 [INF] HTTP GET / responded 200 in 105.4323 ms
2025-10-25 16:18:48.328 +01:00 [INF] HTTP GET /api/notifications responded 200 in 10.2401 ms
